#
# There is insufficient memory for the Java Runtime Environment to continue.
# Native memory allocation (malloc) failed to allocate 932816 bytes for Chunk::new
# Possible reasons:
#   The system is out of physical RAM or swap space
#   The process is running with CompressedOops enabled, and the Java Heap may be blocking the growth of the native heap
# Possible solutions:
#   Reduce memory load on the system
#   Increase physical memory or swap space
#   Check if swap backing store is full
#   Decrease Java heap size (-Xmx/-Xms)
#   Decrease number of Java threads
#   Decrease Java thread stack sizes (-Xss)
#   Set larger code cache with -XX:ReservedCodeCacheSize=
#   JVM is running with Unscaled Compressed Oops mode in which the Java heap is
#     placed in the first 4GB address space. The Java Heap base address is the
#     maximum limit for the native heap growth. Please use -XX:HeapBaseMinAddress
#     to set the Java Heap base and to place the Java Heap above 4GB virtual address.
# This output file may be truncated or incomplete.
#
#  Out of Memory Error (./src/hotspot/share/memory/arena.cpp:197), pid=28560, tid=21144
#
# JRE version: OpenJDK Runtime Environment (11.0.12+7) (build 11.0.12+7-b1504.28-7817840)
# Java VM: OpenJDK 64-Bit Server VM (11.0.12+7-b1504.28-7817840, mixed mode, tiered, compressed oops, g1 gc, windows-amd64)
# No core dump will be written. Minidumps are not enabled by default on client versions of Windows
#

---------------  S U M M A R Y ------------

Command Line: --add-opens=java.base/java.util=ALL-UNNAMED --add-opens=java.base/java.lang=ALL-UNNAMED --add-opens=java.base/java.lang.invoke=ALL-UNNAMED --add-opens=java.base/java.util=ALL-UNNAMED --add-opens=java.prefs/java.util.prefs=ALL-UNNAMED --add-opens=java.prefs/java.util.prefs=ALL-UNNAMED --add-opens=java.base/java.nio.charset=ALL-UNNAMED --add-opens=java.base/java.net=ALL-UNNAMED --add-opens=java.base/java.util.concurrent.atomic=ALL-UNNAMED -Xmx2048m -Dfile.encoding=UTF-8 -Duser.country=US -Duser.language=en -Duser.variant org.gradle.launcher.daemon.bootstrap.GradleDaemon 7.3.3

Host: Intel(R) Core(TM) i7-8550U CPU @ 1.80GHz, 8 cores, 15G,  Windows 10 , 64 bit Build 22000 (10.0.22000.675)
Time: Thu May 19 16:22:24 2022 Sri Lanka Standard Time elapsed time: 8.379082 seconds (0d 0h 0m 8s)

---------------  T H R E A D  ---------------

Current thread (0x00000227d385d000):  JavaThread "C2 CompilerThread0" daemon [_thread_in_native, id=21144, stack(0x000000391d800000,0x000000391d900000)]


Current CompileTask:
C2:   8379 6115       4       org.gradle.internal.reflect.MethodSet::add (50 bytes)

Stack: [0x000000391d800000,0x000000391d900000]
Native frames: (J=compiled Java code, j=interpreted, Vv=VM code, C=native code)
V  [jvm.dll+0x5fbcea]
V  [jvm.dll+0x731905]
V  [jvm.dll+0x732f1d]
V  [jvm.dll+0x7335d3]
V  [jvm.dll+0x247bf8]
V  [jvm.dll+0xc018c]
V  [jvm.dll+0xc06cc]
V  [jvm.dll+0x35b31d]
V  [jvm.dll+0x328803]
V  [jvm.dll+0x327cfa]
V  [jvm.dll+0x200602]
V  [jvm.dll+0x1ff794]
V  [jvm.dll+0x18868c]
V  [jvm.dll+0x20e0d7]
V  [jvm.dll+0x20c901]
V  [jvm.dll+0x6f9b7f]
V  [jvm.dll+0x6f26a5]
V  [jvm.dll+0x5fabf6]
C  [ucrtbase.dll+0x26c0c]
C  [KERNEL32.DLL+0x154e0]
C  [ntdll.dll+0x485b]


---------------  P R O C E S S  ---------------

Threads class SMR info:
_java_thread_list=0x00000227d86ffe30, length=124, elements={
0x00000227b8af1000, 0x00000227d37f2800, 0x00000227d37fd800, 0x00000227d3855800,
0x00000227d3856800, 0x00000227d3857800, 0x00000227d385d000, 0x00000227d385f000,
0x00000227d386b800, 0x00000227d39bf800, 0x00000227d51d0000, 0x00000227d75a1800,
0x00000227d71ce800, 0x00000227d69d1000, 0x00000227d58e3000, 0x00000227d6285800,
0x00000227d5bbb800, 0x00000227d5bbc800, 0x00000227d6d50000, 0x00000227d63e2800,
0x00000227d63e0000, 0x00000227d63dd800, 0x00000227d63df800, 0x00000227d7392800,
0x00000227d63e1000, 0x00000227d63e2000, 0x00000227d63e3800, 0x00000227d63e4800,
0x00000227d63de800, 0x00000227d844c800, 0x00000227d844e800, 0x00000227d8448800,
0x00000227d844a000, 0x00000227d8449800, 0x00000227d8451000, 0x00000227d8452800,
0x00000227d8450000, 0x00000227d8454000, 0x00000227d8457800, 0x00000227d8455800,
0x00000227d8453000, 0x00000227d8455000, 0x00000227d8456800, 0x00000227daa2e000,
0x00000227daa33800, 0x00000227daa32000, 0x00000227daa33000, 0x00000227daa31000,
0x00000227daa2e800, 0x00000227daa35800, 0x00000227daa34800, 0x00000227daa2f800,
0x00000227daa36000, 0x00000227daa30800, 0x00000227daa37000, 0x00000227daa37800,
0x00000227daa39800, 0x00000227daa3c800, 0x00000227daa38800, 0x00000227daa3a000,
0x00000227daa3b000, 0x00000227daa3c000, 0x00000227dabe2800, 0x00000227dabe3000,
0x00000227dabe7000, 0x00000227dabe1800, 0x00000227dabe8000, 0x00000227dabe5800,
0x00000227dabe9000, 0x00000227dabe4000, 0x00000227dabe5000, 0x00000227dabe9800,
0x00000227dabec000, 0x00000227dabea800, 0x00000227dabe6800, 0x00000227dabeb800,
0x00000227dabf0000, 0x00000227dabef800, 0x00000227dabee800, 0x00000227dabed000,
0x00000227dabee000, 0x00000227d6852800, 0x00000227d684d000, 0x00000227d6852000,
0x00000227d6853800, 0x00000227d684d800, 0x00000227d6850000, 0x00000227d6854000,
0x00000227d684e800, 0x00000227d6855000, 0x00000227d684f800, 0x00000227d6856000,
0x00000227d6851000, 0x00000227d6856800, 0x00000227d685b000, 0x00000227d685b800,
0x00000227d6858800, 0x00000227d6859000, 0x00000227d685a000, 0x00000227d6857800,
0x00000227da378800, 0x00000227da37a000, 0x00000227da37f000, 0x00000227da37c800,
0x00000227da37d800, 0x00000227da37e000, 0x00000227da379000, 0x00000227da37b000,
0x00000227da37f800, 0x00000227da380800, 0x00000227da381800, 0x00000227da37b800,
0x00000227da384000, 0x00000227da382000, 0x00000227da383000, 0x00000227da384800,
0x00000227da385800, 0x00000227da387000, 0x00000227da386000, 0x00000227d65ec000,
0x00000227d65ed800, 0x00000227d65ed000, 0x00000227dbfd7800, 0x00000227d65ee800
}

Java Threads: ( => current thread )
  0x00000227b8af1000 JavaThread "main" [_thread_blocked, id=15516, stack(0x000000391cc00000,0x000000391cd00000)]
  0x00000227d37f2800 JavaThread "Reference Handler" daemon [_thread_blocked, id=27900, stack(0x000000391d300000,0x000000391d400000)]
  0x00000227d37fd800 JavaThread "Finalizer" daemon [_thread_blocked, id=26948, stack(0x000000391d400000,0x000000391d500000)]
  0x00000227d3855800 JavaThread "Signal Dispatcher" daemon [_thread_blocked, id=23784, stack(0x000000391d500000,0x000000391d600000)]
  0x00000227d3856800 JavaThread "Attach Listener" daemon [_thread_blocked, id=28212, stack(0x000000391d600000,0x000000391d700000)]
  0x00000227d3857800 JavaThread "Service Thread" daemon [_thread_blocked, id=11176, stack(0x000000391d700000,0x000000391d800000)]
=>0x00000227d385d000 JavaThread "C2 CompilerThread0" daemon [_thread_in_native, id=21144, stack(0x000000391d800000,0x000000391d900000)]
  0x00000227d385f000 JavaThread "C1 CompilerThread0" daemon [_thread_blocked, id=2840, stack(0x000000391d900000,0x000000391da00000)]
  0x00000227d386b800 JavaThread "Sweeper thread" daemon [_thread_blocked, id=27352, stack(0x000000391da00000,0x000000391db00000)]
  0x00000227d39bf800 JavaThread "Common-Cleaner" daemon [_thread_blocked, id=8632, stack(0x000000391db00000,0x000000391dc00000)]
  0x00000227d51d0000 JavaThread "Daemon health stats" [_thread_blocked, id=24256, stack(0x000000391e400000,0x000000391e500000)]
  0x00000227d75a1800 JavaThread "Incoming local TCP Connector on port 60764" [_thread_in_native, id=2128, stack(0x000000391dd00000,0x000000391de00000)]
  0x00000227d71ce800 JavaThread "Daemon periodic checks" [_thread_blocked, id=15480, stack(0x000000391de00000,0x000000391df00000)]
  0x00000227d69d1000 JavaThread "Daemon" [_thread_blocked, id=16348, stack(0x000000391e500000,0x000000391e600000)]
  0x00000227d58e3000 JavaThread "Handler for socket connection from /127.0.0.1:60764 to /127.0.0.1:60765" [_thread_in_native, id=20492, stack(0x000000391e600000,0x000000391e700000)]
  0x00000227d6285800 JavaThread "Cancel handler" [_thread_blocked, id=8428, stack(0x000000391e700000,0x000000391e800000)]
  0x00000227d5bbb800 JavaThread "Daemon worker" [_thread_in_Java, id=27564, stack(0x000000391e800000,0x000000391e900000)]
  0x00000227d5bbc800 JavaThread "Asynchronous log dispatcher for DefaultDaemonConnection: socket connection from /127.0.0.1:60764 to /127.0.0.1:60765" [_thread_blocked, id=22668, stack(0x000000391e900000,0x000000391ea00000)]
  0x00000227d6d50000 JavaThread "Stdin handler" [_thread_blocked, id=14200, stack(0x000000391ea00000,0x000000391eb00000)]
  0x00000227d63e2800 JavaThread "Daemon client event forwarder" [_thread_blocked, id=8128, stack(0x000000391eb00000,0x000000391ec00000)]
  0x00000227d63e0000 JavaThread "Cache worker for journal cache (C:\Users\Saadia Jameel\.gradle\caches\journal-1)" [_thread_blocked, id=19232, stack(0x000000391ec00000,0x000000391ed00000)]
  0x00000227d63dd800 JavaThread "File lock request listener" [_thread_in_native, id=9884, stack(0x000000391ed00000,0x000000391ee00000)]
  0x00000227d63df800 JavaThread "Cache worker for file hash cache (C:\Users\Saadia Jameel\.gradle\caches\7.3.3\fileHashes)" [_thread_blocked, id=24484, stack(0x000000391ee00000,0x000000391ef00000)]
  0x00000227d7392800 JavaThread "C2 CompilerThread1" daemon [_thread_in_native, id=8896, stack(0x000000391f200000,0x000000391f300000)]
  0x00000227d63e1000 JavaThread "Cache worker for file hash cache (C:\Users\Saadia Jameel\Downloads\Thamish-Android\Login2\.gradle\7.3.3\fileHashes)" [_thread_blocked, id=8336, stack(0x000000391f300000,0x000000391f400000)]
  0x00000227d63e2000 JavaThread "File watcher server" daemon [_thread_in_native, id=500, stack(0x000000391f500000,0x000000391f600000)]
  0x00000227d63e3800 JavaThread "File watcher consumer" daemon [_thread_blocked, id=25740, stack(0x000000391f600000,0x000000391f700000)]
  0x00000227d63e4800 JavaThread "Cache worker for checksums cache (C:\Users\Saadia Jameel\Downloads\Thamish-Android\Login2\.gradle\7.3.3\checksums)" [_thread_blocked, id=27028, stack(0x000000391f700000,0x000000391f800000)]
  0x00000227d63de800 JavaThread "Cache worker for cache directory md-supplier (C:\Users\Saadia Jameel\.gradle\caches\7.3.3\md-supplier)" [_thread_blocked, id=15800, stack(0x000000391f800000,0x000000391f900000)]
  0x00000227d844c800 JavaThread "Cache worker for cache directory md-rule (C:\Users\Saadia Jameel\.gradle\caches\7.3.3\md-rule)" [_thread_blocked, id=11912, stack(0x000000391f900000,0x000000391fa00000)]
  0x00000227d844e800 JavaThread "Cache worker for execution history cache (C:\Users\Saadia Jameel\.gradle\caches\7.3.3\executionHistory)" [_thread_blocked, id=21000, stack(0x000000391fa00000,0x000000391fb00000)]
  0x00000227d8448800 JavaThread "jar transforms" [_thread_blocked, id=1136, stack(0x000000391fb00000,0x000000391fc00000)]
  0x00000227d844a000 JavaThread "Cache worker for file content cache (C:\Users\Saadia Jameel\.gradle\caches\7.3.3\fileContent)" [_thread_blocked, id=9160, stack(0x000000391fc00000,0x000000391fd00000)]
  0x00000227d8449800 JavaThread "jar transforms Thread 2" [_thread_blocked, id=28492, stack(0x000000391fd00000,0x000000391fe00000)]
  0x00000227d8451000 JavaThread "Cache worker for dependencies-accessors (C:\Users\Saadia Jameel\Downloads\Thamish-Android\Login2\.gradle\7.3.3\dependencies-accessors)" [_thread_blocked, id=10960, stack(0x000000391fe00000,0x000000391ff00000)]
  0x00000227d8452800 JavaThread "jar transforms Thread 3" [_thread_blocked, id=7216, stack(0x000000391ff00000,0x0000003920000000)]
  0x00000227d8450000 JavaThread "Cache worker for Build Output Cleanup Cache (C:\Users\Saadia Jameel\Downloads\Thamish-Android\Login2\.gradle\buildOutputCleanup)" [_thread_blocked, id=13372, stack(0x0000003920000000,0x0000003920100000)]
  0x00000227d8454000 JavaThread "Unconstrained build operations" [_thread_blocked, id=17392, stack(0x0000003920100000,0x0000003920200000)]
  0x00000227d8457800 JavaThread "Unconstrained build operations Thread 2" [_thread_blocked, id=15448, stack(0x0000003920200000,0x0000003920300000)]
  0x00000227d8455800 JavaThread "Unconstrained build operations Thread 3" [_thread_blocked, id=18176, stack(0x0000003920300000,0x0000003920400000)]
  0x00000227d8453000 JavaThread "Unconstrained build operations Thread 4" [_thread_blocked, id=21072, stack(0x0000003920400000,0x0000003920500000)]
  0x00000227d8455000 JavaThread "Unconstrained build operations Thread 5" [_thread_blocked, id=4312, stack(0x0000003920500000,0x0000003920600000)]
  0x00000227d8456800 JavaThread "Unconstrained build operations Thread 6" [_thread_blocked, id=15884, stack(0x0000003920600000,0x0000003920700000)]
  0x00000227daa2e000 JavaThread "Unconstrained build operations Thread 7" [_thread_blocked, id=22856, stack(0x0000003920700000,0x0000003920800000)]
  0x00000227daa33800 JavaThread "Unconstrained build operations Thread 8" [_thread_blocked, id=26356, stack(0x0000003920800000,0x0000003920900000)]
  0x00000227daa32000 JavaThread "Unconstrained build operations Thread 9" [_thread_blocked, id=10660, stack(0x0000003920900000,0x0000003920a00000)]
  0x00000227daa33000 JavaThread "Unconstrained build operations Thread 10" [_thread_blocked, id=3608, stack(0x0000003920a00000,0x0000003920b00000)]
  0x00000227daa31000 JavaThread "Unconstrained build operations Thread 11" [_thread_blocked, id=27760, stack(0x0000003920b00000,0x0000003920c00000)]
  0x00000227daa2e800 JavaThread "Unconstrained build operations Thread 12" [_thread_blocked, id=13288, stack(0x0000003920c00000,0x0000003920d00000)]
  0x00000227daa35800 JavaThread "Unconstrained build operations Thread 13" [_thread_blocked, id=16300, stack(0x0000003920d00000,0x0000003920e00000)]
  0x00000227daa34800 JavaThread "Unconstrained build operations Thread 14" [_thread_blocked, id=10844, stack(0x0000003920e00000,0x0000003920f00000)]
  0x00000227daa2f800 JavaThread "Unconstrained build operations Thread 15" [_thread_blocked, id=27620, stack(0x0000003920f00000,0x0000003921000000)]
  0x00000227daa36000 JavaThread "Unconstrained build operations Thread 16" [_thread_blocked, id=12060, stack(0x0000003921000000,0x0000003921100000)]
  0x00000227daa30800 JavaThread "Unconstrained build operations Thread 17" [_thread_blocked, id=17992, stack(0x0000003921100000,0x0000003921200000)]
  0x00000227daa37000 JavaThread "Unconstrained build operations Thread 18" [_thread_blocked, id=23692, stack(0x0000003921200000,0x0000003921300000)]
  0x00000227daa37800 JavaThread "Unconstrained build operations Thread 19" [_thread_blocked, id=23124, stack(0x0000003921300000,0x0000003921400000)]
  0x00000227daa39800 JavaThread "Unconstrained build operations Thread 20" [_thread_blocked, id=26848, stack(0x0000003921400000,0x0000003921500000)]
  0x00000227daa3c800 JavaThread "Unconstrained build operations Thread 21" [_thread_blocked, id=19044, stack(0x0000003921500000,0x0000003921600000)]
  0x00000227daa38800 JavaThread "Unconstrained build operations Thread 22" [_thread_blocked, id=12420, stack(0x0000003921600000,0x0000003921700000)]
  0x00000227daa3a000 JavaThread "Unconstrained build operations Thread 23" [_thread_blocked, id=26212, stack(0x0000003921700000,0x0000003921800000)]
  0x00000227daa3b000 JavaThread "Unconstrained build operations Thread 24" [_thread_blocked, id=12948, stack(0x0000003921800000,0x0000003921900000)]
  0x00000227daa3c000 JavaThread "Unconstrained build operations Thread 25" [_thread_blocked, id=27256, stack(0x0000003921900000,0x0000003921a00000)]
  0x00000227dabe2800 JavaThread "Unconstrained build operations Thread 26" [_thread_blocked, id=28580, stack(0x0000003921a00000,0x0000003921b00000)]
  0x00000227dabe3000 JavaThread "Unconstrained build operations Thread 27" [_thread_blocked, id=3332, stack(0x0000003921b00000,0x0000003921c00000)]
  0x00000227dabe7000 JavaThread "Unconstrained build operations Thread 28" [_thread_blocked, id=28500, stack(0x0000003921c00000,0x0000003921d00000)]
  0x00000227dabe1800 JavaThread "Unconstrained build operations Thread 29" [_thread_blocked, id=25572, stack(0x0000003921d00000,0x0000003921e00000)]
  0x00000227dabe8000 JavaThread "Unconstrained build operations Thread 30" [_thread_blocked, id=15160, stack(0x0000003921e00000,0x0000003921f00000)]
  0x00000227dabe5800 JavaThread "Unconstrained build operations Thread 31" [_thread_blocked, id=24280, stack(0x0000003921f00000,0x0000003922000000)]
  0x00000227dabe9000 JavaThread "Unconstrained build operations Thread 32" [_thread_blocked, id=21564, stack(0x0000003922000000,0x0000003922100000)]
  0x00000227dabe4000 JavaThread "Unconstrained build operations Thread 33" [_thread_blocked, id=25268, stack(0x0000003922100000,0x0000003922200000)]
  0x00000227dabe5000 JavaThread "Unconstrained build operations Thread 34" [_thread_blocked, id=24400, stack(0x0000003922200000,0x0000003922300000)]
  0x00000227dabe9800 JavaThread "Unconstrained build operations Thread 35" [_thread_blocked, id=24392, stack(0x0000003922300000,0x0000003922400000)]
  0x00000227dabec000 JavaThread "Unconstrained build operations Thread 36" [_thread_blocked, id=5944, stack(0x0000003922400000,0x0000003922500000)]
  0x00000227dabea800 JavaThread "Unconstrained build operations Thread 37" [_thread_blocked, id=19344, stack(0x0000003922500000,0x0000003922600000)]
  0x00000227dabe6800 JavaThread "Unconstrained build operations Thread 38" [_thread_blocked, id=7408, stack(0x0000003922600000,0x0000003922700000)]
  0x00000227dabeb800 JavaThread "Unconstrained build operations Thread 39" [_thread_blocked, id=21152, stack(0x0000003922700000,0x0000003922800000)]
  0x00000227dabf0000 JavaThread "Unconstrained build operations Thread 40" [_thread_blocked, id=5856, stack(0x0000003922800000,0x0000003922900000)]
  0x00000227dabef800 JavaThread "Unconstrained build operations Thread 41" [_thread_blocked, id=23008, stack(0x0000003922900000,0x0000003922a00000)]
  0x00000227dabee800 JavaThread "Unconstrained build operations Thread 42" [_thread_blocked, id=8828, stack(0x0000003922a00000,0x0000003922b00000)]
  0x00000227dabed000 JavaThread "Unconstrained build operations Thread 43" [_thread_blocked, id=5772, stack(0x0000003922b00000,0x0000003922c00000)]
  0x00000227dabee000 JavaThread "Unconstrained build operations Thread 44" [_thread_blocked, id=19724, stack(0x0000003922c00000,0x0000003922d00000)]
  0x00000227d6852800 JavaThread "Unconstrained build operations Thread 45" [_thread_blocked, id=14032, stack(0x0000003922d00000,0x0000003922e00000)]
  0x00000227d684d000 JavaThread "Unconstrained build operations Thread 46" [_thread_blocked, id=24200, stack(0x0000003922e00000,0x0000003922f00000)]
  0x00000227d6852000 JavaThread "Unconstrained build operations Thread 47" [_thread_blocked, id=17280, stack(0x0000003922f00000,0x0000003923000000)]
  0x00000227d6853800 JavaThread "Unconstrained build operations Thread 48" [_thread_blocked, id=23204, stack(0x0000003923000000,0x0000003923100000)]
  0x00000227d684d800 JavaThread "Unconstrained build operations Thread 49" [_thread_blocked, id=1764, stack(0x0000003923100000,0x0000003923200000)]
  0x00000227d6850000 JavaThread "Unconstrained build operations Thread 50" [_thread_blocked, id=27448, stack(0x0000003923200000,0x0000003923300000)]
  0x00000227d6854000 JavaThread "Unconstrained build operations Thread 51" [_thread_blocked, id=25772, stack(0x0000003923300000,0x0000003923400000)]
  0x00000227d684e800 JavaThread "Unconstrained build operations Thread 52" [_thread_blocked, id=23416, stack(0x0000003923400000,0x0000003923500000)]
  0x00000227d6855000 JavaThread "Unconstrained build operations Thread 53" [_thread_blocked, id=19868, stack(0x0000003923500000,0x0000003923600000)]
  0x00000227d684f800 JavaThread "Unconstrained build operations Thread 54" [_thread_blocked, id=23056, stack(0x0000003923600000,0x0000003923700000)]
  0x00000227d6856000 JavaThread "Unconstrained build operations Thread 55" [_thread_blocked, id=22520, stack(0x0000003923700000,0x0000003923800000)]
  0x00000227d6851000 JavaThread "Unconstrained build operations Thread 56" [_thread_blocked, id=28152, stack(0x0000003923800000,0x0000003923900000)]
  0x00000227d6856800 JavaThread "Unconstrained build operations Thread 57" [_thread_blocked, id=5936, stack(0x0000003923900000,0x0000003923a00000)]
  0x00000227d685b000 JavaThread "Unconstrained build operations Thread 58" [_thread_blocked, id=12244, stack(0x0000003923a00000,0x0000003923b00000)]
  0x00000227d685b800 JavaThread "Unconstrained build operations Thread 59" [_thread_blocked, id=21312, stack(0x0000003923b00000,0x0000003923c00000)]
  0x00000227d6858800 JavaThread "Unconstrained build operations Thread 60" [_thread_blocked, id=22428, stack(0x0000003923c00000,0x0000003923d00000)]
  0x00000227d6859000 JavaThread "Unconstrained build operations Thread 61" [_thread_blocked, id=12204, stack(0x0000003923d00000,0x0000003923e00000)]
  0x00000227d685a000 JavaThread "Unconstrained build operations Thread 62" [_thread_blocked, id=4956, stack(0x0000003923e00000,0x0000003923f00000)]
  0x00000227d6857800 JavaThread "Unconstrained build operations Thread 63" [_thread_blocked, id=26276, stack(0x0000003923f00000,0x0000003924000000)]
  0x00000227da378800 JavaThread "Unconstrained build operations Thread 64" [_thread_blocked, id=26004, stack(0x0000003924000000,0x0000003924100000)]
  0x00000227da37a000 JavaThread "Unconstrained build operations Thread 65" [_thread_blocked, id=3812, stack(0x0000003924100000,0x0000003924200000)]
  0x00000227da37f000 JavaThread "Unconstrained build operations Thread 66" [_thread_blocked, id=11068, stack(0x0000003924200000,0x0000003924300000)]
  0x00000227da37c800 JavaThread "Unconstrained build operations Thread 67" [_thread_blocked, id=24096, stack(0x0000003924300000,0x0000003924400000)]
  0x00000227da37d800 JavaThread "Unconstrained build operations Thread 68" [_thread_blocked, id=1568, stack(0x0000003924400000,0x0000003924500000)]
  0x00000227da37e000 JavaThread "Unconstrained build operations Thread 69" [_thread_blocked, id=9320, stack(0x0000003924500000,0x0000003924600000)]
  0x00000227da379000 JavaThread "Unconstrained build operations Thread 70" [_thread_blocked, id=1052, stack(0x0000003924600000,0x0000003924700000)]
  0x00000227da37b000 JavaThread "Unconstrained build operations Thread 71" [_thread_blocked, id=6968, stack(0x0000003924700000,0x0000003924800000)]
  0x00000227da37f800 JavaThread "Unconstrained build operations Thread 72" [_thread_blocked, id=10892, stack(0x0000003924800000,0x0000003924900000)]
  0x00000227da380800 JavaThread "Unconstrained build operations Thread 73" [_thread_blocked, id=23260, stack(0x0000003924900000,0x0000003924a00000)]
  0x00000227da381800 JavaThread "Unconstrained build operations Thread 74" [_thread_blocked, id=23636, stack(0x0000003924a00000,0x0000003924b00000)]
  0x00000227da37b800 JavaThread "Unconstrained build operations Thread 75" [_thread_blocked, id=18212, stack(0x0000003924b00000,0x0000003924c00000)]
  0x00000227da384000 JavaThread "Unconstrained build operations Thread 76" [_thread_blocked, id=3360, stack(0x0000003924c00000,0x0000003924d00000)]
  0x00000227da382000 JavaThread "Unconstrained build operations Thread 77" [_thread_blocked, id=20504, stack(0x0000003924d00000,0x0000003924e00000)]
  0x00000227da383000 JavaThread "Unconstrained build operations Thread 78" [_thread_blocked, id=17128, stack(0x0000003924e00000,0x0000003924f00000)]
  0x00000227da384800 JavaThread "Unconstrained build operations Thread 79" [_thread_blocked, id=22116, stack(0x0000003924f00000,0x0000003925000000)]
  0x00000227da385800 JavaThread "Unconstrained build operations Thread 80" [_thread_blocked, id=7712, stack(0x0000003925000000,0x0000003925100000)]
  0x00000227da387000 JavaThread "jar transforms Thread 4" [_thread_blocked, id=26640, stack(0x0000003925100000,0x0000003925200000)]
  0x00000227da386000 JavaThread "jar transforms Thread 5" [_thread_blocked, id=19996, stack(0x0000003925200000,0x0000003925300000)]
  0x00000227d65ec000 JavaThread "jar transforms Thread 6" [_thread_blocked, id=12192, stack(0x0000003925300000,0x0000003925400000)]
  0x00000227d65ed800 JavaThread "jar transforms Thread 7" [_thread_blocked, id=12340, stack(0x0000003925400000,0x0000003925500000)]
  0x00000227d65ed000 JavaThread "jar transforms Thread 8" [_thread_blocked, id=10232, stack(0x0000003925500000,0x0000003925600000)]
  0x00000227dbfd7800 JavaThread "C2 CompilerThread2" daemon [_thread_in_native, id=19536, stack(0x000000391f400000,0x000000391f500000)]
  0x00000227d65ee800 JavaThread "Memory manager" [_thread_blocked, id=5036, stack(0x0000003925600000,0x0000003925700000)]

Other Threads:
  0x00000227d2fbc000 VMThread "VM Thread" [stack: 0x000000391d200000,0x000000391d300000] [id=28572]
  0x00000227d39f3000 WatcherThread [stack: 0x000000391dc00000,0x000000391dd00000] [id=24780]
  0x00000227b8b08000 GCTaskThread "GC Thread#0" [stack: 0x000000391cd00000,0x000000391ce00000] [id=28432]
  0x00000227d4642800 GCTaskThread "GC Thread#1" [stack: 0x000000391df00000,0x000000391e000000] [id=20908]
  0x00000227d473e000 GCTaskThread "GC Thread#2" [stack: 0x000000391e000000,0x000000391e100000] [id=13024]
  0x00000227d4872800 GCTaskThread "GC Thread#3" [stack: 0x000000391e100000,0x000000391e200000] [id=27808]
  0x00000227d465c800 GCTaskThread "GC Thread#4" [stack: 0x000000391e200000,0x000000391e300000] [id=7836]
  0x00000227d40fb000 GCTaskThread "GC Thread#5" [stack: 0x000000391e300000,0x000000391e400000] [id=25800]
  0x00000227d5ae9800 GCTaskThread "GC Thread#6" [stack: 0x000000391ef00000,0x000000391f000000] [id=9480]
  0x00000227d49f4000 GCTaskThread "GC Thread#7" [stack: 0x000000391f000000,0x000000391f100000] [id=7624]
  0x00000227b8b39800 ConcurrentGCThread "G1 Main Marker" [stack: 0x000000391ce00000,0x000000391cf00000] [id=26140]
  0x00000227b8b3c000 ConcurrentGCThread "G1 Conc#0" [stack: 0x000000391cf00000,0x000000391d000000] [id=26964]
  0x00000227d5143800 ConcurrentGCThread "G1 Conc#1" [stack: 0x000000391f100000,0x000000391f200000] [id=17308]
  0x00000227b8bce000 ConcurrentGCThread "G1 Refine#0" [stack: 0x000000391d000000,0x000000391d100000] [id=19520]
  0x00000227d2e3d800 ConcurrentGCThread "G1 Young RemSet Sampling" [stack: 0x000000391d100000,0x000000391d200000] [id=10180]

Threads with active compile tasks:
C2 CompilerThread0   8422 6115       4       org.gradle.internal.reflect.MethodSet::add (50 bytes)
C2 CompilerThread1   8422 6150       4       java.lang.ThreadLocal$ThreadLocalMap::set (136 bytes)
C2 CompilerThread2   8422 6117       4       org.objectweb.asm.MethodWriter::computeAllFrames (510 bytes)

VM state:not at safepoint (normal execution)

VM Mutex/Monitor currently owned by a thread: None

Heap address: 0x0000000080000000, size: 2048 MB, Compressed Oops mode: 32-bit
Narrow klass base: 0x0000000000000000, Narrow klass shift: 3
Compressed class space size: 1073741824 Address: 0x0000000100000000

Heap:
 garbage-first heap   total 262144K, used 77687K [0x0000000080000000, 0x0000000100000000)
  region size 1024K, 47 young (48128K), 13 survivors (13312K)
 Metaspace       used 62221K, capacity 63735K, committed 63872K, reserved 1103872K
  class space    used 7925K, capacity 8512K, committed 8576K, reserved 1048576K
Heap Regions: E=young(eden), S=young(survivor), O=old, HS=humongous(starts), HC=humongous(continues), CS=collection set, F=free, A=archive, TAMS=top-at-mark-start (previous, next)
|   0|0x0000000080000000, 0x0000000080100000, 0x0000000080100000|100%| O|  |TAMS 0x0000000080100000, 0x0000000080000000| Untracked 
|   1|0x0000000080100000, 0x0000000080200000, 0x0000000080200000|100%| O|  |TAMS 0x0000000080200000, 0x0000000080100000| Untracked 
|   2|0x0000000080200000, 0x0000000080300000, 0x0000000080300000|100%| O|  |TAMS 0x0000000080300000, 0x0000000080200000| Untracked 
|   3|0x0000000080300000, 0x0000000080400000, 0x0000000080400000|100%|HS|  |TAMS 0x0000000080400000, 0x0000000080300000| Complete 
|   4|0x0000000080400000, 0x0000000080500000, 0x0000000080500000|100%|HC|  |TAMS 0x0000000080500000, 0x0000000080400000| Complete 
|   5|0x0000000080500000, 0x0000000080600000, 0x0000000080600000|100%|HC|  |TAMS 0x0000000080600000, 0x0000000080500000| Complete 
|   6|0x0000000080600000, 0x0000000080700000, 0x0000000080700000|100%| O|  |TAMS 0x0000000080700000, 0x0000000080600000| Untracked 
|   7|0x0000000080700000, 0x0000000080800000, 0x0000000080800000|100%| O|  |TAMS 0x0000000080800000, 0x0000000080700000| Untracked 
|   8|0x0000000080800000, 0x0000000080900000, 0x0000000080900000|100%| O|  |TAMS 0x0000000080900000, 0x0000000080800000| Untracked 
|   9|0x0000000080900000, 0x0000000080a00000, 0x0000000080a00000|100%| O|  |TAMS 0x0000000080a00000, 0x0000000080900000| Untracked 
|  10|0x0000000080a00000, 0x0000000080b00000, 0x0000000080b00000|100%| O|  |TAMS 0x0000000080b00000, 0x0000000080a00000| Untracked 
|  11|0x0000000080b00000, 0x0000000080c00000, 0x0000000080c00000|100%| O|  |TAMS 0x0000000080c00000, 0x0000000080b00000| Untracked 
|  12|0x0000000080c00000, 0x0000000080d00000, 0x0000000080d00000|100%| O|  |TAMS 0x0000000080d00000, 0x0000000080c00000| Untracked 
|  13|0x0000000080d00000, 0x0000000080e00000, 0x0000000080e00000|100%| O|  |TAMS 0x0000000080e00000, 0x0000000080d00000| Untracked 
|  14|0x0000000080e00000, 0x0000000080f00000, 0x0000000080f00000|100%| O|  |TAMS 0x0000000080f00000, 0x0000000080e00000| Untracked 
|  15|0x0000000080f00000, 0x0000000081000000, 0x0000000081000000|100%| O|  |TAMS 0x0000000081000000, 0x0000000080f00000| Untracked 
|  16|0x0000000081000000, 0x0000000081100000, 0x0000000081100000|100%| O|  |TAMS 0x0000000081100000, 0x0000000081000000| Untracked 
|  17|0x0000000081100000, 0x0000000081200000, 0x0000000081200000|100%|HS|  |TAMS 0x0000000081200000, 0x0000000081100000| Complete 
|  18|0x0000000081200000, 0x0000000081300000, 0x0000000081300000|100%|HS|  |TAMS 0x0000000081300000, 0x0000000081200000| Complete 
|  19|0x0000000081300000, 0x0000000081400000, 0x0000000081400000|100%|HS|  |TAMS 0x0000000081400000, 0x0000000081300000| Complete 
|  20|0x0000000081400000, 0x0000000081500000, 0x0000000081500000|100%|HC|  |TAMS 0x0000000081500000, 0x0000000081400000| Complete 
|  21|0x0000000081500000, 0x0000000081600000, 0x0000000081600000|100%| O|  |TAMS 0x0000000081600000, 0x0000000081500000| Untracked 
|  22|0x0000000081600000, 0x0000000081700000, 0x0000000081700000|100%| O|  |TAMS 0x0000000081700000, 0x0000000081600000| Untracked 
|  23|0x0000000081700000, 0x0000000081800000, 0x0000000081800000|100%| O|  |TAMS 0x0000000081800000, 0x0000000081700000| Untracked 
|  24|0x0000000081800000, 0x0000000081900000, 0x0000000081900000|100%| O|  |TAMS 0x0000000081900000, 0x0000000081800000| Untracked 
|  25|0x0000000081900000, 0x0000000081a00000, 0x0000000081a00000|100%| O|  |TAMS 0x0000000081a00000, 0x0000000081900000| Untracked 
|  26|0x0000000081a00000, 0x0000000081b00000, 0x0000000081b00000|100%| O|  |TAMS 0x0000000081b00000, 0x0000000081a00000| Untracked 
|  27|0x0000000081b00000, 0x0000000081c00000, 0x0000000081c00000|100%| O|  |TAMS 0x0000000081c00000, 0x0000000081b00000| Untracked 
|  28|0x0000000081c00000, 0x0000000081d00000, 0x0000000081d00000|100%| O|  |TAMS 0x0000000081d00000, 0x0000000081c00000| Untracked 
|  29|0x0000000081d00000, 0x0000000081e00000, 0x0000000081e00000|100%| O|  |TAMS 0x0000000081e00000, 0x0000000081d00000| Untracked 
|  30|0x0000000081e00000, 0x0000000081f00000, 0x0000000081f00000|100%| O|  |TAMS 0x0000000081f00000, 0x0000000081e00000| Untracked 
|  31|0x0000000081f00000, 0x0000000081f81000, 0x0000000082000000| 50%| O|  |TAMS 0x0000000081f81000, 0x0000000081f00000| Untracked 
|  32|0x0000000082000000, 0x0000000082000000, 0x0000000082100000|  0%| F|  |TAMS 0x0000000082000000, 0x0000000082000000| Untracked 
|  33|0x0000000082100000, 0x0000000082100000, 0x0000000082200000|  0%| F|  |TAMS 0x0000000082100000, 0x0000000082100000| Untracked 
|  34|0x0000000082200000, 0x0000000082200000, 0x0000000082300000|  0%| F|  |TAMS 0x0000000082200000, 0x0000000082200000| Untracked 
|  35|0x0000000082300000, 0x0000000082300000, 0x0000000082400000|  0%| F|  |TAMS 0x0000000082300000, 0x0000000082300000| Untracked 
|  36|0x0000000082400000, 0x0000000082400000, 0x0000000082500000|  0%| F|  |TAMS 0x0000000082400000, 0x0000000082400000| Untracked 
|  37|0x0000000082500000, 0x0000000082500000, 0x0000000082600000|  0%| F|  |TAMS 0x0000000082500000, 0x0000000082500000| Untracked 
|  38|0x0000000082600000, 0x0000000082600000, 0x0000000082700000|  0%| F|  |TAMS 0x0000000082600000, 0x0000000082600000| Untracked 
|  39|0x0000000082700000, 0x0000000082700000, 0x0000000082800000|  0%| F|  |TAMS 0x0000000082700000, 0x0000000082700000| Untracked 
|  40|0x0000000082800000, 0x0000000082800000, 0x0000000082900000|  0%| F|  |TAMS 0x0000000082800000, 0x0000000082800000| Untracked 
|  41|0x0000000082900000, 0x0000000082900000, 0x0000000082a00000|  0%| F|  |TAMS 0x0000000082900000, 0x0000000082900000| Untracked 
|  42|0x0000000082a00000, 0x0000000082a00000, 0x0000000082b00000|  0%| F|  |TAMS 0x0000000082a00000, 0x0000000082a00000| Untracked 
|  43|0x0000000082b00000, 0x0000000082b00000, 0x0000000082c00000|  0%| F|  |TAMS 0x0000000082b00000, 0x0000000082b00000| Untracked 
|  44|0x0000000082c00000, 0x0000000082c00000, 0x0000000082d00000|  0%| F|  |TAMS 0x0000000082c00000, 0x0000000082c00000| Untracked 
|  45|0x0000000082d00000, 0x0000000082d00000, 0x0000000082e00000|  0%| F|  |TAMS 0x0000000082d00000, 0x0000000082d00000| Untracked 
|  46|0x0000000082e00000, 0x0000000082e00000, 0x0000000082f00000|  0%| F|  |TAMS 0x0000000082e00000, 0x0000000082e00000| Untracked 
|  47|0x0000000082f00000, 0x0000000082f00000, 0x0000000083000000|  0%| F|  |TAMS 0x0000000082f00000, 0x0000000082f00000| Untracked 
|  48|0x0000000083000000, 0x0000000083000000, 0x0000000083100000|  0%| F|  |TAMS 0x0000000083000000, 0x0000000083000000| Untracked 
|  49|0x0000000083100000, 0x0000000083100000, 0x0000000083200000|  0%| F|  |TAMS 0x0000000083100000, 0x0000000083100000| Untracked 
|  50|0x0000000083200000, 0x0000000083200000, 0x0000000083300000|  0%| F|  |TAMS 0x0000000083200000, 0x0000000083200000| Untracked 
|  51|0x0000000083300000, 0x0000000083300000, 0x0000000083400000|  0%| F|  |TAMS 0x0000000083300000, 0x0000000083300000| Untracked 
|  52|0x0000000083400000, 0x0000000083400000, 0x0000000083500000|  0%| F|  |TAMS 0x0000000083400000, 0x0000000083400000| Untracked 
|  53|0x0000000083500000, 0x0000000083500000, 0x0000000083600000|  0%| F|  |TAMS 0x0000000083500000, 0x0000000083500000| Untracked 
|  54|0x0000000083600000, 0x0000000083600000, 0x0000000083700000|  0%| F|  |TAMS 0x0000000083600000, 0x0000000083600000| Untracked 
|  55|0x0000000083700000, 0x0000000083700000, 0x0000000083800000|  0%| F|  |TAMS 0x0000000083700000, 0x0000000083700000| Untracked 
|  56|0x0000000083800000, 0x0000000083800000, 0x0000000083900000|  0%| F|  |TAMS 0x0000000083800000, 0x0000000083800000| Untracked 
|  57|0x0000000083900000, 0x0000000083900000, 0x0000000083a00000|  0%| F|  |TAMS 0x0000000083900000, 0x0000000083900000| Untracked 
|  58|0x0000000083a00000, 0x0000000083a00000, 0x0000000083b00000|  0%| F|  |TAMS 0x0000000083a00000, 0x0000000083a00000| Untracked 
|  59|0x0000000083b00000, 0x0000000083b00000, 0x0000000083c00000|  0%| F|  |TAMS 0x0000000083b00000, 0x0000000083b00000| Untracked 
|  60|0x0000000083c00000, 0x0000000083c00000, 0x0000000083d00000|  0%| F|  |TAMS 0x0000000083c00000, 0x0000000083c00000| Untracked 
|  61|0x0000000083d00000, 0x0000000083d00000, 0x0000000083e00000|  0%| F|  |TAMS 0x0000000083d00000, 0x0000000083d00000| Untracked 
|  62|0x0000000083e00000, 0x0000000083e00000, 0x0000000083f00000|  0%| F|  |TAMS 0x0000000083e00000, 0x0000000083e00000| Untracked 
|  63|0x0000000083f00000, 0x0000000083f00000, 0x0000000084000000|  0%| F|  |TAMS 0x0000000083f00000, 0x0000000083f00000| Untracked 
|  64|0x0000000084000000, 0x0000000084000000, 0x0000000084100000|  0%| F|  |TAMS 0x0000000084000000, 0x0000000084000000| Untracked 
|  65|0x0000000084100000, 0x0000000084100000, 0x0000000084200000|  0%| F|  |TAMS 0x0000000084100000, 0x0000000084100000| Untracked 
|  66|0x0000000084200000, 0x0000000084200000, 0x0000000084300000|  0%| F|  |TAMS 0x0000000084200000, 0x0000000084200000| Untracked 
|  67|0x0000000084300000, 0x0000000084300000, 0x0000000084400000|  0%| F|  |TAMS 0x0000000084300000, 0x0000000084300000| Untracked 
|  68|0x0000000084400000, 0x0000000084400000, 0x0000000084500000|  0%| F|  |TAMS 0x0000000084400000, 0x0000000084400000| Untracked 
|  69|0x0000000084500000, 0x0000000084500000, 0x0000000084600000|  0%| F|  |TAMS 0x0000000084500000, 0x0000000084500000| Untracked 
|  70|0x0000000084600000, 0x0000000084600000, 0x0000000084700000|  0%| F|  |TAMS 0x0000000084600000, 0x0000000084600000| Untracked 
|  71|0x0000000084700000, 0x0000000084700000, 0x0000000084800000|  0%| F|  |TAMS 0x0000000084700000, 0x0000000084700000| Untracked 
|  72|0x0000000084800000, 0x0000000084800000, 0x0000000084900000|  0%| F|  |TAMS 0x0000000084800000, 0x0000000084800000| Untracked 
|  73|0x0000000084900000, 0x0000000084900000, 0x0000000084a00000|  0%| F|  |TAMS 0x0000000084900000, 0x0000000084900000| Untracked 
|  74|0x0000000084a00000, 0x0000000084a00000, 0x0000000084b00000|  0%| F|  |TAMS 0x0000000084a00000, 0x0000000084a00000| Untracked 
|  75|0x0000000084b00000, 0x0000000084b00000, 0x0000000084c00000|  0%| F|  |TAMS 0x0000000084b00000, 0x0000000084b00000| Untracked 
|  76|0x0000000084c00000, 0x0000000084c00000, 0x0000000084d00000|  0%| F|  |TAMS 0x0000000084c00000, 0x0000000084c00000| Untracked 
|  77|0x0000000084d00000, 0x0000000084d00000, 0x0000000084e00000|  0%| F|  |TAMS 0x0000000084d00000, 0x0000000084d00000| Untracked 
|  78|0x0000000084e00000, 0x0000000084e00000, 0x0000000084f00000|  0%| F|  |TAMS 0x0000000084e00000, 0x0000000084e00000| Untracked 
|  79|0x0000000084f00000, 0x0000000084f00000, 0x0000000085000000|  0%| F|  |TAMS 0x0000000084f00000, 0x0000000084f00000| Untracked 
|  80|0x0000000085000000, 0x0000000085000000, 0x0000000085100000|  0%| F|  |TAMS 0x0000000085000000, 0x0000000085000000| Untracked 
|  81|0x0000000085100000, 0x0000000085100000, 0x0000000085200000|  0%| F|  |TAMS 0x0000000085100000, 0x0000000085100000| Untracked 
|  82|0x0000000085200000, 0x0000000085200000, 0x0000000085300000|  0%| F|  |TAMS 0x0000000085200000, 0x0000000085200000| Untracked 
|  83|0x0000000085300000, 0x0000000085300000, 0x0000000085400000|  0%| F|  |TAMS 0x0000000085300000, 0x0000000085300000| Untracked 
|  84|0x0000000085400000, 0x0000000085400000, 0x0000000085500000|  0%| F|  |TAMS 0x0000000085400000, 0x0000000085400000| Untracked 
|  85|0x0000000085500000, 0x0000000085500000, 0x0000000085600000|  0%| F|  |TAMS 0x0000000085500000, 0x0000000085500000| Untracked 
|  86|0x0000000085600000, 0x0000000085600000, 0x0000000085700000|  0%| F|  |TAMS 0x0000000085600000, 0x0000000085600000| Untracked 
|  87|0x0000000085700000, 0x0000000085700000, 0x0000000085800000|  0%| F|  |TAMS 0x0000000085700000, 0x0000000085700000| Untracked 
|  88|0x0000000085800000, 0x0000000085800000, 0x0000000085900000|  0%| F|  |TAMS 0x0000000085800000, 0x0000000085800000| Untracked 
|  89|0x0000000085900000, 0x0000000085900000, 0x0000000085a00000|  0%| F|  |TAMS 0x0000000085900000, 0x0000000085900000| Untracked 
|  90|0x0000000085a00000, 0x0000000085a00000, 0x0000000085b00000|  0%| F|  |TAMS 0x0000000085a00000, 0x0000000085a00000| Untracked 
|  91|0x0000000085b00000, 0x0000000085b00000, 0x0000000085c00000|  0%| F|  |TAMS 0x0000000085b00000, 0x0000000085b00000| Untracked 
|  92|0x0000000085c00000, 0x0000000085c00000, 0x0000000085d00000|  0%| F|  |TAMS 0x0000000085c00000, 0x0000000085c00000| Untracked 
|  93|0x0000000085d00000, 0x0000000085d00000, 0x0000000085e00000|  0%| F|  |TAMS 0x0000000085d00000, 0x0000000085d00000| Untracked 
|  94|0x0000000085e00000, 0x0000000085e00000, 0x0000000085f00000|  0%| F|  |TAMS 0x0000000085e00000, 0x0000000085e00000| Untracked 
|  95|0x0000000085f00000, 0x0000000085f00000, 0x0000000086000000|  0%| F|  |TAMS 0x0000000085f00000, 0x0000000085f00000| Untracked 
|  96|0x0000000086000000, 0x0000000086000000, 0x0000000086100000|  0%| F|  |TAMS 0x0000000086000000, 0x0000000086000000| Untracked 
|  97|0x0000000086100000, 0x0000000086100000, 0x0000000086200000|  0%| F|  |TAMS 0x0000000086100000, 0x0000000086100000| Untracked 
|  98|0x0000000086200000, 0x0000000086200000, 0x0000000086300000|  0%| F|  |TAMS 0x0000000086200000, 0x0000000086200000| Untracked 
|  99|0x0000000086300000, 0x0000000086300000, 0x0000000086400000|  0%| F|  |TAMS 0x0000000086300000, 0x0000000086300000| Untracked 
| 100|0x0000000086400000, 0x0000000086400000, 0x0000000086500000|  0%| F|  |TAMS 0x0000000086400000, 0x0000000086400000| Untracked 
| 101|0x0000000086500000, 0x0000000086500000, 0x0000000086600000|  0%| F|  |TAMS 0x0000000086500000, 0x0000000086500000| Untracked 
| 102|0x0000000086600000, 0x0000000086600000, 0x0000000086700000|  0%| F|  |TAMS 0x0000000086600000, 0x0000000086600000| Untracked 
| 103|0x0000000086700000, 0x0000000086700000, 0x0000000086800000|  0%| F|  |TAMS 0x0000000086700000, 0x0000000086700000| Untracked 
| 104|0x0000000086800000, 0x0000000086800000, 0x0000000086900000|  0%| F|  |TAMS 0x0000000086800000, 0x0000000086800000| Untracked 
| 105|0x0000000086900000, 0x0000000086900000, 0x0000000086a00000|  0%| F|  |TAMS 0x0000000086900000, 0x0000000086900000| Untracked 
| 106|0x0000000086a00000, 0x0000000086a00000, 0x0000000086b00000|  0%| F|  |TAMS 0x0000000086a00000, 0x0000000086a00000| Untracked 
| 107|0x0000000086b00000, 0x0000000086b00000, 0x0000000086c00000|  0%| F|  |TAMS 0x0000000086b00000, 0x0000000086b00000| Untracked 
| 108|0x0000000086c00000, 0x0000000086c00000, 0x0000000086d00000|  0%| F|  |TAMS 0x0000000086c00000, 0x0000000086c00000| Untracked 
| 109|0x0000000086d00000, 0x0000000086d00000, 0x0000000086e00000|  0%| F|  |TAMS 0x0000000086d00000, 0x0000000086d00000| Untracked 
| 110|0x0000000086e00000, 0x0000000086e00000, 0x0000000086f00000|  0%| F|  |TAMS 0x0000000086e00000, 0x0000000086e00000| Untracked 
| 111|0x0000000086f00000, 0x0000000086f00000, 0x0000000087000000|  0%| F|  |TAMS 0x0000000086f00000, 0x0000000086f00000| Untracked 
| 112|0x0000000087000000, 0x0000000087000000, 0x0000000087100000|  0%| F|  |TAMS 0x0000000087000000, 0x0000000087000000| Untracked 
| 113|0x0000000087100000, 0x0000000087100000, 0x0000000087200000|  0%| F|  |TAMS 0x0000000087100000, 0x0000000087100000| Untracked 
| 114|0x0000000087200000, 0x0000000087200000, 0x0000000087300000|  0%| F|  |TAMS 0x0000000087200000, 0x0000000087200000| Untracked 
| 115|0x0000000087300000, 0x0000000087300000, 0x0000000087400000|  0%| F|  |TAMS 0x0000000087300000, 0x0000000087300000| Untracked 
| 116|0x0000000087400000, 0x0000000087400000, 0x0000000087500000|  0%| F|  |TAMS 0x0000000087400000, 0x0000000087400000| Untracked 
| 117|0x0000000087500000, 0x0000000087500000, 0x0000000087600000|  0%| F|  |TAMS 0x0000000087500000, 0x0000000087500000| Untracked 
| 118|0x0000000087600000, 0x0000000087600000, 0x0000000087700000|  0%| F|  |TAMS 0x0000000087600000, 0x0000000087600000| Untracked 
| 119|0x0000000087700000, 0x0000000087700000, 0x0000000087800000|  0%| F|  |TAMS 0x0000000087700000, 0x0000000087700000| Untracked 
| 120|0x0000000087800000, 0x0000000087800000, 0x0000000087900000|  0%| F|  |TAMS 0x0000000087800000, 0x0000000087800000| Untracked 
| 121|0x0000000087900000, 0x0000000087900000, 0x0000000087a00000|  0%| F|  |TAMS 0x0000000087900000, 0x0000000087900000| Untracked 
| 122|0x0000000087a00000, 0x0000000087a00000, 0x0000000087b00000|  0%| F|  |TAMS 0x0000000087a00000, 0x0000000087a00000| Untracked 
| 123|0x0000000087b00000, 0x0000000087b00000, 0x0000000087c00000|  0%| F|  |TAMS 0x0000000087b00000, 0x0000000087b00000| Untracked 
| 124|0x0000000087c00000, 0x0000000087c00000, 0x0000000087d00000|  0%| F|  |TAMS 0x0000000087c00000, 0x0000000087c00000| Untracked 
| 125|0x0000000087d00000, 0x0000000087d00000, 0x0000000087e00000|  0%| F|  |TAMS 0x0000000087d00000, 0x0000000087d00000| Untracked 
| 126|0x0000000087e00000, 0x0000000087e00000, 0x0000000087f00000|  0%| F|  |TAMS 0x0000000087e00000, 0x0000000087e00000| Untracked 
| 127|0x0000000087f00000, 0x0000000087f00000, 0x0000000088000000|  0%| F|  |TAMS 0x0000000087f00000, 0x0000000087f00000| Untracked 
| 128|0x0000000088000000, 0x0000000088000000, 0x0000000088100000|  0%| F|  |TAMS 0x0000000088000000, 0x0000000088000000| Untracked 
| 129|0x0000000088100000, 0x0000000088100000, 0x0000000088200000|  0%| F|  |TAMS 0x0000000088100000, 0x0000000088100000| Untracked 
| 130|0x0000000088200000, 0x0000000088200000, 0x0000000088300000|  0%| F|  |TAMS 0x0000000088200000, 0x0000000088200000| Untracked 
| 131|0x0000000088300000, 0x0000000088300000, 0x0000000088400000|  0%| F|  |TAMS 0x0000000088300000, 0x0000000088300000| Untracked 
| 132|0x0000000088400000, 0x0000000088400000, 0x0000000088500000|  0%| F|  |TAMS 0x0000000088400000, 0x0000000088400000| Untracked 
| 133|0x0000000088500000, 0x0000000088500000, 0x0000000088600000|  0%| F|  |TAMS 0x0000000088500000, 0x0000000088500000| Untracked 
| 134|0x0000000088600000, 0x0000000088600000, 0x0000000088700000|  0%| F|  |TAMS 0x0000000088600000, 0x0000000088600000| Untracked 
| 135|0x0000000088700000, 0x0000000088700000, 0x0000000088800000|  0%| F|  |TAMS 0x0000000088700000, 0x0000000088700000| Untracked 
| 136|0x0000000088800000, 0x0000000088800000, 0x0000000088900000|  0%| F|  |TAMS 0x0000000088800000, 0x0000000088800000| Untracked 
| 137|0x0000000088900000, 0x0000000088900000, 0x0000000088a00000|  0%| F|  |TAMS 0x0000000088900000, 0x0000000088900000| Untracked 
| 138|0x0000000088a00000, 0x0000000088a00000, 0x0000000088b00000|  0%| F|  |TAMS 0x0000000088a00000, 0x0000000088a00000| Untracked 
| 139|0x0000000088b00000, 0x0000000088b00000, 0x0000000088c00000|  0%| F|  |TAMS 0x0000000088b00000, 0x0000000088b00000| Untracked 
| 140|0x0000000088c00000, 0x0000000088c00000, 0x0000000088d00000|  0%| F|  |TAMS 0x0000000088c00000, 0x0000000088c00000| Untracked 
| 141|0x0000000088d00000, 0x0000000088d00000, 0x0000000088e00000|  0%| F|  |TAMS 0x0000000088d00000, 0x0000000088d00000| Untracked 
| 142|0x0000000088e00000, 0x0000000088e00000, 0x0000000088f00000|  0%| F|  |TAMS 0x0000000088e00000, 0x0000000088e00000| Untracked 
| 143|0x0000000088f00000, 0x0000000088f00000, 0x0000000089000000|  0%| F|  |TAMS 0x0000000088f00000, 0x0000000088f00000| Untracked 
| 144|0x0000000089000000, 0x0000000089000000, 0x0000000089100000|  0%| F|  |TAMS 0x0000000089000000, 0x0000000089000000| Untracked 
| 145|0x0000000089100000, 0x0000000089100000, 0x0000000089200000|  0%| F|  |TAMS 0x0000000089100000, 0x0000000089100000| Untracked 
| 146|0x0000000089200000, 0x0000000089200000, 0x0000000089300000|  0%| F|  |TAMS 0x0000000089200000, 0x0000000089200000| Untracked 
| 147|0x0000000089300000, 0x0000000089300000, 0x0000000089400000|  0%| F|  |TAMS 0x0000000089300000, 0x0000000089300000| Untracked 
| 148|0x0000000089400000, 0x0000000089400000, 0x0000000089500000|  0%| F|  |TAMS 0x0000000089400000, 0x0000000089400000| Untracked 
| 149|0x0000000089500000, 0x0000000089500000, 0x0000000089600000|  0%| F|  |TAMS 0x0000000089500000, 0x0000000089500000| Untracked 
| 150|0x0000000089600000, 0x0000000089600000, 0x0000000089700000|  0%| F|  |TAMS 0x0000000089600000, 0x0000000089600000| Untracked 
| 151|0x0000000089700000, 0x0000000089700000, 0x0000000089800000|  0%| F|  |TAMS 0x0000000089700000, 0x0000000089700000| Untracked 
| 152|0x0000000089800000, 0x0000000089800000, 0x0000000089900000|  0%| F|  |TAMS 0x0000000089800000, 0x0000000089800000| Untracked 
| 153|0x0000000089900000, 0x0000000089900000, 0x0000000089a00000|  0%| F|  |TAMS 0x0000000089900000, 0x0000000089900000| Untracked 
| 154|0x0000000089a00000, 0x0000000089a00000, 0x0000000089b00000|  0%| F|  |TAMS 0x0000000089a00000, 0x0000000089a00000| Untracked 
| 155|0x0000000089b00000, 0x0000000089b00000, 0x0000000089c00000|  0%| F|  |TAMS 0x0000000089b00000, 0x0000000089b00000| Untracked 
| 156|0x0000000089c00000, 0x0000000089c00000, 0x0000000089d00000|  0%| F|  |TAMS 0x0000000089c00000, 0x0000000089c00000| Untracked 
| 157|0x0000000089d00000, 0x0000000089d00000, 0x0000000089e00000|  0%| F|  |TAMS 0x0000000089d00000, 0x0000000089d00000| Untracked 
| 158|0x0000000089e00000, 0x0000000089e00000, 0x0000000089f00000|  0%| F|  |TAMS 0x0000000089e00000, 0x0000000089e00000| Untracked 
| 159|0x0000000089f00000, 0x0000000089f00000, 0x000000008a000000|  0%| F|  |TAMS 0x0000000089f00000, 0x0000000089f00000| Untracked 
| 160|0x000000008a000000, 0x000000008a000000, 0x000000008a100000|  0%| F|  |TAMS 0x000000008a000000, 0x000000008a000000| Untracked 
| 161|0x000000008a100000, 0x000000008a100000, 0x000000008a200000|  0%| F|  |TAMS 0x000000008a100000, 0x000000008a100000| Untracked 
| 162|0x000000008a200000, 0x000000008a200000, 0x000000008a300000|  0%| F|  |TAMS 0x000000008a200000, 0x000000008a200000| Untracked 
| 163|0x000000008a300000, 0x000000008a300000, 0x000000008a400000|  0%| F|  |TAMS 0x000000008a300000, 0x000000008a300000| Untracked 
| 164|0x000000008a400000, 0x000000008a400000, 0x000000008a500000|  0%| F|  |TAMS 0x000000008a400000, 0x000000008a400000| Untracked 
| 165|0x000000008a500000, 0x000000008a500000, 0x000000008a600000|  0%| F|  |TAMS 0x000000008a500000, 0x000000008a500000| Untracked 
| 166|0x000000008a600000, 0x000000008a600000, 0x000000008a700000|  0%| F|  |TAMS 0x000000008a600000, 0x000000008a600000| Untracked 
| 167|0x000000008a700000, 0x000000008a700000, 0x000000008a800000|  0%| F|  |TAMS 0x000000008a700000, 0x000000008a700000| Untracked 
| 168|0x000000008a800000, 0x000000008a800000, 0x000000008a900000|  0%| F|  |TAMS 0x000000008a800000, 0x000000008a800000| Untracked 
| 169|0x000000008a900000, 0x000000008a900000, 0x000000008aa00000|  0%| F|  |TAMS 0x000000008a900000, 0x000000008a900000| Untracked 
| 170|0x000000008aa00000, 0x000000008aa00000, 0x000000008ab00000|  0%| F|  |TAMS 0x000000008aa00000, 0x000000008aa00000| Untracked 
| 171|0x000000008ab00000, 0x000000008ab00000, 0x000000008ac00000|  0%| F|  |TAMS 0x000000008ab00000, 0x000000008ab00000| Untracked 
| 172|0x000000008ac00000, 0x000000008ac00000, 0x000000008ad00000|  0%| F|  |TAMS 0x000000008ac00000, 0x000000008ac00000| Untracked 
| 173|0x000000008ad00000, 0x000000008ad00000, 0x000000008ae00000|  0%| F|  |TAMS 0x000000008ad00000, 0x000000008ad00000| Untracked 
| 174|0x000000008ae00000, 0x000000008ae00000, 0x000000008af00000|  0%| F|  |TAMS 0x000000008ae00000, 0x000000008ae00000| Untracked 
| 175|0x000000008af00000, 0x000000008af00000, 0x000000008b000000|  0%| F|  |TAMS 0x000000008af00000, 0x000000008af00000| Untracked 
| 176|0x000000008b000000, 0x000000008b000000, 0x000000008b100000|  0%| F|  |TAMS 0x000000008b000000, 0x000000008b000000| Untracked 
| 177|0x000000008b100000, 0x000000008b100000, 0x000000008b200000|  0%| F|  |TAMS 0x000000008b100000, 0x000000008b100000| Untracked 
| 178|0x000000008b200000, 0x000000008b200000, 0x000000008b300000|  0%| F|  |TAMS 0x000000008b200000, 0x000000008b200000| Untracked 
| 179|0x000000008b300000, 0x000000008b300000, 0x000000008b400000|  0%| F|  |TAMS 0x000000008b300000, 0x000000008b300000| Untracked 
| 180|0x000000008b400000, 0x000000008b400000, 0x000000008b500000|  0%| F|  |TAMS 0x000000008b400000, 0x000000008b400000| Untracked 
| 181|0x000000008b500000, 0x000000008b500000, 0x000000008b600000|  0%| F|  |TAMS 0x000000008b500000, 0x000000008b500000| Untracked 
| 182|0x000000008b600000, 0x000000008b600000, 0x000000008b700000|  0%| F|  |TAMS 0x000000008b600000, 0x000000008b600000| Untracked 
| 183|0x000000008b700000, 0x000000008b700000, 0x000000008b800000|  0%| F|  |TAMS 0x000000008b700000, 0x000000008b700000| Untracked 
| 184|0x000000008b800000, 0x000000008b800000, 0x000000008b900000|  0%| F|  |TAMS 0x000000008b800000, 0x000000008b800000| Untracked 
| 185|0x000000008b900000, 0x000000008b900000, 0x000000008ba00000|  0%| F|  |TAMS 0x000000008b900000, 0x000000008b900000| Untracked 
| 186|0x000000008ba00000, 0x000000008ba00000, 0x000000008bb00000|  0%| F|  |TAMS 0x000000008ba00000, 0x000000008ba00000| Untracked 
| 187|0x000000008bb00000, 0x000000008bb00000, 0x000000008bc00000|  0%| F|  |TAMS 0x000000008bb00000, 0x000000008bb00000| Untracked 
| 188|0x000000008bc00000, 0x000000008bc00000, 0x000000008bd00000|  0%| F|  |TAMS 0x000000008bc00000, 0x000000008bc00000| Untracked 
| 189|0x000000008bd00000, 0x000000008bd00000, 0x000000008be00000|  0%| F|  |TAMS 0x000000008bd00000, 0x000000008bd00000| Untracked 
| 190|0x000000008be00000, 0x000000008be00000, 0x000000008bf00000|  0%| F|  |TAMS 0x000000008be00000, 0x000000008be00000| Untracked 
| 191|0x000000008bf00000, 0x000000008bf00000, 0x000000008c000000|  0%| F|  |TAMS 0x000000008bf00000, 0x000000008bf00000| Untracked 
| 192|0x000000008c000000, 0x000000008c000000, 0x000000008c100000|  0%| F|  |TAMS 0x000000008c000000, 0x000000008c000000| Untracked 
| 193|0x000000008c100000, 0x000000008c100000, 0x000000008c200000|  0%| F|  |TAMS 0x000000008c100000, 0x000000008c100000| Untracked 
| 194|0x000000008c200000, 0x000000008c200000, 0x000000008c300000|  0%| F|  |TAMS 0x000000008c200000, 0x000000008c200000| Untracked 
| 195|0x000000008c300000, 0x000000008c300000, 0x000000008c400000|  0%| F|  |TAMS 0x000000008c300000, 0x000000008c300000| Untracked 
| 196|0x000000008c400000, 0x000000008c400000, 0x000000008c500000|  0%| F|  |TAMS 0x000000008c400000, 0x000000008c400000| Untracked 
| 197|0x000000008c500000, 0x000000008c500000, 0x000000008c600000|  0%| F|  |TAMS 0x000000008c500000, 0x000000008c500000| Untracked 
| 198|0x000000008c600000, 0x000000008c600000, 0x000000008c700000|  0%| F|  |TAMS 0x000000008c600000, 0x000000008c600000| Untracked 
| 199|0x000000008c700000, 0x000000008c700000, 0x000000008c800000|  0%| F|  |TAMS 0x000000008c700000, 0x000000008c700000| Untracked 
| 200|0x000000008c800000, 0x000000008c800000, 0x000000008c900000|  0%| F|  |TAMS 0x000000008c800000, 0x000000008c800000| Untracked 
| 201|0x000000008c900000, 0x000000008c900000, 0x000000008ca00000|  0%| F|  |TAMS 0x000000008c900000, 0x000000008c900000| Untracked 
| 202|0x000000008ca00000, 0x000000008ca00000, 0x000000008cb00000|  0%| F|  |TAMS 0x000000008ca00000, 0x000000008ca00000| Untracked 
| 203|0x000000008cb00000, 0x000000008cb00000, 0x000000008cc00000|  0%| F|  |TAMS 0x000000008cb00000, 0x000000008cb00000| Untracked 
| 204|0x000000008cc00000, 0x000000008cc00000, 0x000000008cd00000|  0%| F|  |TAMS 0x000000008cc00000, 0x000000008cc00000| Untracked 
| 205|0x000000008cd00000, 0x000000008cd00000, 0x000000008ce00000|  0%| F|  |TAMS 0x000000008cd00000, 0x000000008cd00000| Untracked 
| 206|0x000000008ce00000, 0x000000008ce00000, 0x000000008cf00000|  0%| F|  |TAMS 0x000000008ce00000, 0x000000008ce00000| Untracked 
| 207|0x000000008cf00000, 0x000000008cf00000, 0x000000008d000000|  0%| F|  |TAMS 0x000000008cf00000, 0x000000008cf00000| Untracked 
| 208|0x000000008d000000, 0x000000008d000000, 0x000000008d100000|  0%| F|  |TAMS 0x000000008d000000, 0x000000008d000000| Untracked 
| 209|0x000000008d100000, 0x000000008d15cc50, 0x000000008d200000| 36%| S|CS|TAMS 0x000000008d100000, 0x000000008d100000| Complete 
| 210|0x000000008d200000, 0x000000008d300000, 0x000000008d300000|100%| S|CS|TAMS 0x000000008d200000, 0x000000008d200000| Complete 
| 211|0x000000008d300000, 0x000000008d400000, 0x000000008d400000|100%| S|CS|TAMS 0x000000008d300000, 0x000000008d300000| Complete 
| 212|0x000000008d400000, 0x000000008d500000, 0x000000008d500000|100%| S|CS|TAMS 0x000000008d400000, 0x000000008d400000| Complete 
| 213|0x000000008d500000, 0x000000008d600000, 0x000000008d600000|100%| S|CS|TAMS 0x000000008d500000, 0x000000008d500000| Complete 
| 214|0x000000008d600000, 0x000000008d700000, 0x000000008d700000|100%| S|CS|TAMS 0x000000008d600000, 0x000000008d600000| Complete 
| 215|0x000000008d700000, 0x000000008d800000, 0x000000008d800000|100%| S|CS|TAMS 0x000000008d700000, 0x000000008d700000| Complete 
| 216|0x000000008d800000, 0x000000008d900000, 0x000000008d900000|100%| S|CS|TAMS 0x000000008d800000, 0x000000008d800000| Complete 
| 217|0x000000008d900000, 0x000000008da00000, 0x000000008da00000|100%| S|CS|TAMS 0x000000008d900000, 0x000000008d900000| Complete 
| 218|0x000000008da00000, 0x000000008db00000, 0x000000008db00000|100%| S|CS|TAMS 0x000000008da00000, 0x000000008da00000| Complete 
| 219|0x000000008db00000, 0x000000008dc00000, 0x000000008dc00000|100%| S|CS|TAMS 0x000000008db00000, 0x000000008db00000| Complete 
| 220|0x000000008dc00000, 0x000000008dd00000, 0x000000008dd00000|100%| S|CS|TAMS 0x000000008dc00000, 0x000000008dc00000| Complete 
| 221|0x000000008dd00000, 0x000000008de00000, 0x000000008de00000|100%| S|CS|TAMS 0x000000008dd00000, 0x000000008dd00000| Complete 
| 222|0x000000008de00000, 0x000000008df00000, 0x000000008df00000|100%| E|  |TAMS 0x000000008de00000, 0x000000008de00000| Complete 
| 223|0x000000008df00000, 0x000000008e000000, 0x000000008e000000|100%| E|CS|TAMS 0x000000008df00000, 0x000000008df00000| Complete 
| 224|0x000000008e000000, 0x000000008e100000, 0x000000008e100000|100%| E|CS|TAMS 0x000000008e000000, 0x000000008e000000| Complete 
| 225|0x000000008e100000, 0x000000008e200000, 0x000000008e200000|100%| E|CS|TAMS 0x000000008e100000, 0x000000008e100000| Complete 
| 226|0x000000008e200000, 0x000000008e300000, 0x000000008e300000|100%| E|CS|TAMS 0x000000008e200000, 0x000000008e200000| Complete 
| 227|0x000000008e300000, 0x000000008e400000, 0x000000008e400000|100%| E|CS|TAMS 0x000000008e300000, 0x000000008e300000| Complete 
| 228|0x000000008e400000, 0x000000008e500000, 0x000000008e500000|100%| E|CS|TAMS 0x000000008e400000, 0x000000008e400000| Complete 
| 229|0x000000008e500000, 0x000000008e600000, 0x000000008e600000|100%| E|CS|TAMS 0x000000008e500000, 0x000000008e500000| Complete 
| 230|0x000000008e600000, 0x000000008e700000, 0x000000008e700000|100%| E|CS|TAMS 0x000000008e600000, 0x000000008e600000| Complete 
| 231|0x000000008e700000, 0x000000008e800000, 0x000000008e800000|100%| E|CS|TAMS 0x000000008e700000, 0x000000008e700000| Complete 
| 232|0x000000008e800000, 0x000000008e900000, 0x000000008e900000|100%| E|CS|TAMS 0x000000008e800000, 0x000000008e800000| Complete 
| 233|0x000000008e900000, 0x000000008ea00000, 0x000000008ea00000|100%| E|CS|TAMS 0x000000008e900000, 0x000000008e900000| Complete 
| 234|0x000000008ea00000, 0x000000008eb00000, 0x000000008eb00000|100%| E|CS|TAMS 0x000000008ea00000, 0x000000008ea00000| Complete 
| 235|0x000000008eb00000, 0x000000008ec00000, 0x000000008ec00000|100%| E|CS|TAMS 0x000000008eb00000, 0x000000008eb00000| Complete 
| 236|0x000000008ec00000, 0x000000008ed00000, 0x000000008ed00000|100%| E|CS|TAMS 0x000000008ec00000, 0x000000008ec00000| Complete 
| 237|0x000000008ed00000, 0x000000008ee00000, 0x000000008ee00000|100%| E|CS|TAMS 0x000000008ed00000, 0x000000008ed00000| Complete 
| 238|0x000000008ee00000, 0x000000008ef00000, 0x000000008ef00000|100%| E|CS|TAMS 0x000000008ee00000, 0x000000008ee00000| Complete 
| 239|0x000000008ef00000, 0x000000008f000000, 0x000000008f000000|100%| E|  |TAMS 0x000000008ef00000, 0x000000008ef00000| Complete 
| 240|0x000000008f000000, 0x000000008f100000, 0x000000008f100000|100%| E|CS|TAMS 0x000000008f000000, 0x000000008f000000| Complete 
| 241|0x000000008f100000, 0x000000008f200000, 0x000000008f200000|100%| E|CS|TAMS 0x000000008f100000, 0x000000008f100000| Complete 
| 242|0x000000008f200000, 0x000000008f300000, 0x000000008f300000|100%| E|CS|TAMS 0x000000008f200000, 0x000000008f200000| Complete 
| 243|0x000000008f300000, 0x000000008f400000, 0x000000008f400000|100%| E|CS|TAMS 0x000000008f300000, 0x000000008f300000| Complete 
| 244|0x000000008f400000, 0x000000008f500000, 0x000000008f500000|100%| E|CS|TAMS 0x000000008f400000, 0x000000008f400000| Complete 
| 245|0x000000008f500000, 0x000000008f600000, 0x000000008f600000|100%| E|CS|TAMS 0x000000008f500000, 0x000000008f500000| Complete 
| 246|0x000000008f600000, 0x000000008f700000, 0x000000008f700000|100%| E|CS|TAMS 0x000000008f600000, 0x000000008f600000| Complete 
| 247|0x000000008f700000, 0x000000008f800000, 0x000000008f800000|100%| E|CS|TAMS 0x000000008f700000, 0x000000008f700000| Complete 
| 248|0x000000008f800000, 0x000000008f900000, 0x000000008f900000|100%| E|CS|TAMS 0x000000008f800000, 0x000000008f800000| Complete 
| 249|0x000000008f900000, 0x000000008fa00000, 0x000000008fa00000|100%| E|CS|TAMS 0x000000008f900000, 0x000000008f900000| Complete 
| 250|0x000000008fa00000, 0x000000008fb00000, 0x000000008fb00000|100%| E|CS|TAMS 0x000000008fa00000, 0x000000008fa00000| Complete 
| 251|0x000000008fb00000, 0x000000008fc00000, 0x000000008fc00000|100%| E|CS|TAMS 0x000000008fb00000, 0x000000008fb00000| Complete 
| 252|0x000000008fc00000, 0x000000008fd00000, 0x000000008fd00000|100%| E|CS|TAMS 0x000000008fc00000, 0x000000008fc00000| Complete 
| 253|0x000000008fd00000, 0x000000008fe00000, 0x000000008fe00000|100%| E|CS|TAMS 0x000000008fd00000, 0x000000008fd00000| Complete 
| 254|0x000000008fe00000, 0x000000008ff00000, 0x000000008ff00000|100%| E|CS|TAMS 0x000000008fe00000, 0x000000008fe00000| Complete 
| 255|0x000000008ff00000, 0x0000000090000000, 0x0000000090000000|100%| E|CS|TAMS 0x000000008ff00000, 0x000000008ff00000| Complete 

Card table byte_map: [0x00000227cbd40000,0x00000227cc140000] _byte_map_base: 0x00000227cb940000

Marking Bits (Prev, Next): (CMBitMap*) 0x00000227b8b30b80, (CMBitMap*) 0x00000227b8b30b48
 Prev Bits: [0x00000227ce540000, 0x00000227d0540000)
 Next Bits: [0x00000227cc540000, 0x00000227ce540000)

Polling page: 0x00000227b6ad0000

Metaspace:

Usage:
  Non-class:     53.99 MB capacity,    53.10 MB ( 98%) used,   749.62 KB (  1%) free+waste,   162.94 KB ( <1%) overhead. 
      Class:      8.31 MB capacity,     7.75 MB ( 93%) used,   499.42 KB (  6%) free+waste,    77.06 KB ( <1%) overhead. 
       Both:     62.30 MB capacity,    60.85 MB ( 98%) used,     1.22 MB (  2%) free+waste,   240.00 KB ( <1%) overhead. 

Virtual space:
  Non-class space:       54.00 MB reserved,      54.00 MB (100%) committed 
      Class space:        1.00 GB reserved,       8.38 MB ( <1%) committed 
             Both:        1.05 GB reserved,      62.38 MB (  6%) committed 

Chunk freelists:
   Non-Class:  9.00 KB
       Class:  0 bytes
        Both:  9.00 KB

MaxMetaspaceSize: 17179869184.00 GB
CompressedClassSpaceSize: 1.00 GB
Initial GC threshold: 20.80 MB
Current GC threshold: 98.34 MB
CDS: off

CodeHeap 'non-profiled nmethods': size=120000Kb used=3771Kb max_used=3771Kb free=116228Kb
 bounds [0x00000227c40d0000, 0x00000227c4480000, 0x00000227cb600000]
CodeHeap 'profiled nmethods': size=120000Kb used=12757Kb max_used=12757Kb free=107242Kb
 bounds [0x00000227bcba0000, 0x00000227bd820000, 0x00000227c40d0000]
CodeHeap 'non-nmethods': size=5760Kb used=2339Kb max_used=2406Kb free=3420Kb
 bounds [0x00000227bc600000, 0x00000227bc870000, 0x00000227bcba0000]
 total_blobs=6990 nmethods=6147 adapters=755
 compilation: enabled
              stopped_count=0, restarted_count=0
 full_count=0

Compilation events (20 events):
Event: 8.336 Thread 0x00000227d7392800 nmethod 6121 0x00000227c4477090 code [0x00000227c4477280, 0x00000227c44776f8]
Event: 8.336 Thread 0x00000227d7392800 6120       4       org.gradle.internal.instantiation.generator.AbstractClassGenerator$InjectionAnnotationValidator::validateMethod (502 bytes)
Event: 8.343 Thread 0x00000227d385f000 6126       3       java.lang.reflect.ProxyGenerator$PrimitiveTypeInfo::get (13 bytes)
Event: 8.344 Thread 0x00000227d385f000 nmethod 6126 0x00000227bd802390 code [0x00000227bd802560, 0x00000227bd802808]
Event: 8.348 Thread 0x00000227d385f000 6127       3       org.objectweb.asm.ClassWriter::toByteArray (1535 bytes)
Event: 8.354 Thread 0x00000227d7392800 nmethod 6120 0x00000227c4477a90 code [0x00000227c4477ce0, 0x00000227c44785e0]
Event: 8.354 Thread 0x00000227d7392800 6118       4       org.objectweb.asm.MethodWriter::visitLabel (328 bytes)
Event: 8.354 Thread 0x00000227d385f000 nmethod 6127 0x00000227bd802910 code [0x00000227bd803260, 0x00000227bd807358]
Event: 8.358 Thread 0x00000227d385f000 6128       3       sun.reflect.annotation.AnnotationParser::parseStringArray (85 bytes)
Event: 8.359 Thread 0x00000227d385f000 nmethod 6128 0x00000227bd809410 code [0x00000227bd8096a0, 0x00000227bd80a188]
Event: 8.359 Thread 0x00000227d385f000 6129       3       jdk.internal.org.objectweb.asm.ClassReader::<init> (257 bytes)
Event: 8.362 Thread 0x00000227d385f000 nmethod 6129 0x00000227bd80a610 code [0x00000227bd80a840, 0x00000227bd80b2e8]
Event: 8.370 Thread 0x00000227d385f000 6132   !   3       org.objectweb.asm.ClassWriter::getCommonSuperClass (141 bytes)
Event: 8.371 Thread 0x00000227d385f000 nmethod 6132 0x00000227bd80b690 code [0x00000227bd80b980, 0x00000227bd80c498]
Event: 8.371 Thread 0x00000227d385f000 6133       3       org.objectweb.asm.ClassWriter::getClassLoader (8 bytes)
Event: 8.372 Thread 0x00000227d385f000 nmethod 6133 0x00000227bd80ca90 code [0x00000227bd80ccc0, 0x00000227bd80d5d8]
Event: 8.372 Thread 0x00000227d385f000 6134       1       org.gradle.internal.instantiation.generator.AbstractClassGenerator::getRoleHandler (5 bytes)
Event: 8.372 Thread 0x00000227d385f000 nmethod 6134 0x00000227c4478f90 code [0x00000227c4479140, 0x00000227c44791f8]
Event: 8.377 Thread 0x00000227d7392800 nmethod 6118 0x00000227c4479290 code [0x00000227c4479460, 0x00000227c447a0f8]
Event: 8.377 Thread 0x00000227d7392800 6135       4       org.objectweb.asm.Type::getArgumentsAndReturnSizes (140 bytes)

GC Heap History (14 events):
Event: 0.637 GC heap before
{Heap before GC invocations=0 (full 0):
 garbage-first heap   total 262144K, used 29696K [0x0000000080000000, 0x0000000100000000)
  region size 1024K, 24 young (24576K), 0 survivors (0K)
 Metaspace       used 10398K, capacity 10617K, committed 10880K, reserved 1058816K
  class space    used 1069K, capacity 1140K, committed 1152K, reserved 1048576K
}
Event: 0.642 GC heap after
{Heap after GC invocations=1 (full 0):
 garbage-first heap   total 262144K, used 9925K [0x0000000080000000, 0x0000000100000000)
  region size 1024K, 3 young (3072K), 3 survivors (3072K)
 Metaspace       used 10398K, capacity 10617K, committed 10880K, reserved 1058816K
  class space    used 1069K, capacity 1140K, committed 1152K, reserved 1048576K
}
Event: 2.959 GC heap before
{Heap before GC invocations=1 (full 0):
 garbage-first heap   total 262144K, used 114373K [0x0000000080000000, 0x0000000100000000)
  region size 1024K, 106 young (108544K), 3 survivors (3072K)
 Metaspace       used 20699K, capacity 21131K, committed 21248K, reserved 1067008K
  class space    used 2541K, capacity 2710K, committed 2816K, reserved 1048576K
}
Event: 2.971 GC heap after
{Heap after GC invocations=2 (full 0):
 garbage-first heap   total 262144K, used 16955K [0x0000000080000000, 0x0000000100000000)
  region size 1024K, 10 young (10240K), 10 survivors (10240K)
 Metaspace       used 20699K, capacity 21131K, committed 21248K, reserved 1067008K
  class space    used 2541K, capacity 2710K, committed 2816K, reserved 1048576K
}
Event: 3.720 GC heap before
{Heap before GC invocations=3 (full 0):
 garbage-first heap   total 262144K, used 83515K [0x0000000080000000, 0x0000000100000000)
  region size 1024K, 76 young (77824K), 10 survivors (10240K)
 Metaspace       used 27515K, capacity 28164K, committed 28288K, reserved 1073152K
  class space    used 3606K, capacity 3853K, committed 3968K, reserved 1048576K
}
Event: 3.728 GC heap after
{Heap after GC invocations=4 (full 0):
 garbage-first heap   total 262144K, used 19506K [0x0000000080000000, 0x0000000100000000)
  region size 1024K, 3 young (3072K), 3 survivors (3072K)
 Metaspace       used 27515K, capacity 28164K, committed 28288K, reserved 1073152K
  class space    used 3606K, capacity 3853K, committed 3968K, reserved 1048576K
}
Event: 4.303 GC heap before
{Heap before GC invocations=4 (full 0):
 garbage-first heap   total 262144K, used 64562K [0x0000000080000000, 0x0000000100000000)
  region size 1024K, 48 young (49152K), 3 survivors (3072K)
 Metaspace       used 34984K, capacity 35783K, committed 35840K, reserved 1081344K
  class space    used 4534K, capacity 4839K, committed 4864K, reserved 1048576K
}
Event: 4.314 GC heap after
{Heap after GC invocations=5 (full 0):
 garbage-first heap   total 262144K, used 22032K [0x0000000080000000, 0x0000000100000000)
  region size 1024K, 6 young (6144K), 6 survivors (6144K)
 Metaspace       used 34984K, capacity 35783K, committed 35840K, reserved 1081344K
  class space    used 4534K, capacity 4839K, committed 4864K, reserved 1048576K
}
Event: 5.482 GC heap before
{Heap before GC invocations=6 (full 0):
 garbage-first heap   total 262144K, used 134672K [0x0000000080000000, 0x0000000100000000)
  region size 1024K, 113 young (115712K), 6 survivors (6144K)
 Metaspace       used 44398K, capacity 45429K, committed 45568K, reserved 1089536K
  class space    used 5685K, capacity 6057K, committed 6144K, reserved 1048576K
}
Event: 5.492 GC heap after
{Heap after GC invocations=7 (full 0):
 garbage-first heap   total 262144K, used 29265K [0x0000000080000000, 0x0000000100000000)
  region size 1024K, 13 young (13312K), 13 survivors (13312K)
 Metaspace       used 44398K, capacity 45429K, committed 45568K, reserved 1089536K
  class space    used 5685K, capacity 6057K, committed 6144K, reserved 1048576K
}
Event: 6.957 GC heap before
{Heap before GC invocations=7 (full 0):
 garbage-first heap   total 262144K, used 168529K [0x0000000080000000, 0x0000000100000000)
  region size 1024K, 145 young (148480K), 13 survivors (13312K)
 Metaspace       used 53352K, capacity 54704K, committed 54784K, reserved 1097728K
  class space    used 6821K, capacity 7344K, committed 7424K, reserved 1048576K
}
Event: 6.972 GC heap after
{Heap after GC invocations=8 (full 0):
 garbage-first heap   total 262144K, used 42523K [0x0000000080000000, 0x0000000100000000)
  region size 1024K, 19 young (19456K), 19 survivors (19456K)
 Metaspace       used 53352K, capacity 54704K, committed 54784K, reserved 1097728K
  class space    used 6821K, capacity 7344K, committed 7424K, reserved 1048576K
}
Event: 7.711 GC heap before
{Heap before GC invocations=8 (full 0):
 garbage-first heap   total 262144K, used 76315K [0x0000000080000000, 0x0000000100000000)
  region size 1024K, 53 young (54272K), 19 survivors (19456K)
 Metaspace       used 58655K, capacity 60080K, committed 60160K, reserved 1101824K
  class space    used 7485K, capacity 8003K, committed 8064K, reserved 1048576K
}
Event: 7.737 GC heap after
{Heap after GC invocations=9 (full 0):
 garbage-first heap   total 262144K, used 44919K [0x0000000080000000, 0x0000000100000000)
  region size 1024K, 13 young (13312K), 13 survivors (13312K)
 Metaspace       used 58655K, capacity 60080K, committed 60160K, reserved 1101824K
  class space    used 7485K, capacity 8003K, committed 8064K, reserved 1048576K
}

Deoptimization events (20 events):
Event: 8.061 Thread 0x00000227d5bbb800 DEOPT PACKING pc=0x00000227bd7c8b57 sp=0x000000391e8f3b80
Event: 8.061 Thread 0x00000227d5bbb800 DEOPT UNPACKING pc=0x00000227bc64a95e sp=0x000000391e8f2fd8 mode 0
Event: 8.062 Thread 0x00000227d5bbb800 DEOPT PACKING pc=0x00000227bd7c8b57 sp=0x000000391e8f3b80
Event: 8.062 Thread 0x00000227d5bbb800 DEOPT UNPACKING pc=0x00000227bc64a95e sp=0x000000391e8f2fd8 mode 0
Event: 8.062 Thread 0x00000227d5bbb800 DEOPT PACKING pc=0x00000227bd7c8b57 sp=0x000000391e8f3b80
Event: 8.062 Thread 0x00000227d5bbb800 DEOPT UNPACKING pc=0x00000227bc64a95e sp=0x000000391e8f2fd8 mode 0
Event: 8.062 Thread 0x00000227d5bbb800 DEOPT PACKING pc=0x00000227bd7c8b57 sp=0x000000391e8f3b80
Event: 8.062 Thread 0x00000227d5bbb800 DEOPT UNPACKING pc=0x00000227bc64a95e sp=0x000000391e8f2fd8 mode 0
Event: 8.066 Thread 0x00000227d5bbb800 DEOPT PACKING pc=0x00000227bd7c8b57 sp=0x000000391e8f3f40
Event: 8.066 Thread 0x00000227d5bbb800 DEOPT UNPACKING pc=0x00000227bc64a95e sp=0x000000391e8f3398 mode 0
Event: 8.066 Thread 0x00000227d5bbb800 DEOPT PACKING pc=0x00000227bd7c8b57 sp=0x000000391e8f3f40
Event: 8.066 Thread 0x00000227d5bbb800 DEOPT UNPACKING pc=0x00000227bc64a95e sp=0x000000391e8f3398 mode 0
Event: 8.181 Thread 0x00000227d5bbb800 Uncommon trap: trap_request=0xffffff4d fr.pc=0x00000227c43e0af8 relative=0x0000000000002eb8
Event: 8.181 Thread 0x00000227d5bbb800 Uncommon trap: reason=unstable_if action=reinterpret pc=0x00000227c43e0af8 method=java.util.regex.Pattern.has(I)Z @ 6 c2
Event: 8.181 Thread 0x00000227d5bbb800 DEOPT PACKING pc=0x00000227c43e0af8 sp=0x000000391e8f6ec0
Event: 8.181 Thread 0x00000227d5bbb800 DEOPT UNPACKING pc=0x00000227bc64a1af sp=0x000000391e8f6e40 mode 2
Event: 8.181 Thread 0x00000227d5bbb800 Uncommon trap: trap_request=0xffffff4d fr.pc=0x00000227c414c2f4 relative=0x0000000000000054
Event: 8.181 Thread 0x00000227d5bbb800 Uncommon trap: reason=unstable_if action=reinterpret pc=0x00000227c414c2f4 method=java.util.regex.Pattern.has(I)Z @ 6 c2
Event: 8.181 Thread 0x00000227d5bbb800 DEOPT PACKING pc=0x00000227c414c2f4 sp=0x000000391e8f6ea0
Event: 8.181 Thread 0x00000227d5bbb800 DEOPT UNPACKING pc=0x00000227bc64a1af sp=0x000000391e8f6e30 mode 2

Classes redefined (0 events):
No events

Internal exceptions (20 events):
Event: 6.539 Thread 0x00000227d63e2800 Exception <a 'java/lang/NoSuchMethodError'{0x0000000089c23260}: <clinit>> (0x0000000089c23260) thrown at [./src/hotspot/share/prims/jni.cpp, line 1365]
Event: 6.540 Thread 0x00000227d63e2800 Exception <a 'java/lang/NoSuchMethodError'{0x0000000089c2d528}: <clinit>> (0x0000000089c2d528) thrown at [./src/hotspot/share/prims/jni.cpp, line 1365]
Event: 6.542 Thread 0x00000227d63e2800 Exception <a 'java/lang/NoSuchMethodError'{0x0000000089c40ff8}: <clinit>> (0x0000000089c40ff8) thrown at [./src/hotspot/share/prims/jni.cpp, line 1365]
Event: 6.552 Thread 0x00000227d5bbb800 Exception <a 'java/lang/ClassNotFoundException'{0x0000000089cebfa0}: build_4ayoj3qqcz6r1ifrkmlty7r2bBeanInfo> (0x0000000089cebfa0) thrown at [./src/hotspot/share/classfile/systemDictionary.cpp, line 231]
Event: 6.553 Thread 0x00000227d5bbb800 Exception <a 'java/lang/ClassNotFoundException'{0x0000000089cf6f58}: build_4ayoj3qqcz6r1ifrkmlty7r2bCustomizer> (0x0000000089cf6f58) thrown at [./src/hotspot/share/classfile/systemDictionary.cpp, line 231]
Event: 6.573 Thread 0x00000227d5bbb800 Exception <a 'java/lang/ClassNotFoundException'{0x0000000089a83660}: org/gradle/api/internal/plugins/DefaultObjectConfigurationActionBeanInfo> (0x0000000089a83660) thrown at [./src/hotspot/share/classfile/systemDictionary.cpp, line 231]
Event: 6.574 Thread 0x00000227d5bbb800 Exception <a 'java/lang/ClassNotFoundException'{0x0000000089ab8a68}: org/gradle/api/internal/plugins/DefaultObjectConfigurationActionCustomizer> (0x0000000089ab8a68) thrown at [./src/hotspot/share/classfile/systemDictionary.cpp, line 231]
Event: 6.711 Thread 0x00000227d5bbb800 Exception <a 'java/lang/NoSuchMethodError'{0x0000000088f00cb0}: 'java.lang.Object java.lang.invoke.DirectMethodHandle$Holder.invokeStatic(java.lang.Object, java.lang.Object, java.lang.Object, java.lang.Object, int)'> (0x0000000088f00cb0) thrown at [./src/hotspot/share/interpreter/linkResolver.cpp, line 773]
Event: 6.712 Thread 0x00000227d5bbb800 Exception <a 'java/lang/NoSuchMethodError'{0x0000000088f056a8}: 'java.lang.Object java.lang.invoke.DirectMethodHandle$Holder.invokeSpecial(java.lang.Object, java.lang.Object, java.lang.Object, java.lang.Object, java.lang.Object, int)'> (0x0000000088f056a8) thrown at [./src/hotspot/share/interpreter/linkResolver.cpp, line 773]
Event: 6.712 Thread 0x00000227d5bbb800 Exception <a 'java/lang/NoSuchMethodError'{0x0000000088f09ce8}: 'java.lang.Object java.lang.invoke.Invokers$Holder.linkToTargetMethod(java.lang.Object, java.lang.Object, java.lang.Object, int, java.lang.Object)'> (0x0000000088f09ce8) thrown at [./src/hotspot/share/interpreter/linkResolver.cpp, line 773]
Event: 6.895 Thread 0x00000227d5bbb800 Exception <a 'java/lang/NoSuchMethodError'{0x00000000873441d8}: 'java.lang.Object java.lang.invoke.DirectMethodHandle$Holder.invokeSpecial(java.lang.Object, java.lang.Object, int, int, java.lang.Object, java.lang.Object, java.lang.Object)'> (0x00000000873441d8) thrown at [./src/hotspot/share/interpreter/linkResolver.cpp, line 773]
Event: 6.895 Thread 0x00000227d5bbb800 Exception <a 'java/lang/NoSuchMethodError'{0x0000000087348758}: 'java.lang.Object java.lang.invoke.DelegatingMethodHandle$Holder.reinvoke_L(java.lang.Object, int, int, java.lang.Object, java.lang.Object, java.lang.Object)'> (0x0000000087348758) thrown at [./src/hotspot/share/interpreter/linkResolver.cpp, line 773]
Event: 7.129 Thread 0x00000227d5bbb800 Exception <a 'java/lang/NoSuchMethodError'{0x000000008f70c360}: 'int java.lang.invoke.DirectMethodHandle$Holder.invokeInterface(java.lang.Object, java.lang.Object, java.lang.Object, java.lang.Object)'> (0x000000008f70c360) thrown at [./src/hotspot/share/interpreter/linkResolver.cpp, line 773]
Event: 7.439 Thread 0x00000227d5bbb800 Exception <a 'java/lang/NoSuchMethodError'{0x000000008e70f158}: 'void java.lang.invoke.DirectMethodHandle$Holder.invokeInterface(java.lang.Object, java.lang.Object, java.lang.Object, java.lang.Object)'> (0x000000008e70f158) thrown at [./src/hotspot/share/interpreter/linkResolver.cpp, line 773]
Event: 7.480 Thread 0x00000227d5bbb800 Implicit null exception at 0x00000227c4396abf to 0x00000227c4396cb0
Event: 7.683 Thread 0x00000227d5bbb800 Exception <a 'java/lang/IncompatibleClassChangeError'{0x000000008dfae4d8}: Found class java.lang.Object, but interface was expected> (0x000000008dfae4d8) thrown at [./src/hotspot/share/interpreter/linkResolver.cpp, line 839]
Event: 7.813 Thread 0x00000227d5bbb800 Implicit null exception at 0x00000227c4439bd4 to 0x00000227c4439db8
Event: 7.813 Thread 0x00000227d5bbb800 Implicit null exception at 0x00000227c43dc3b2 to 0x00000227c43dcb78
Event: 7.950 Thread 0x00000227d5bbb800 Implicit null exception at 0x00000227c425bc2c to 0x00000227c425bdda
Event: 8.117 Thread 0x00000227d5bbb800 Exception <a 'sun/nio/fs/WindowsException'{0x000000008eaa9a20}> (0x000000008eaa9a20) thrown at [./src/hotspot/share/prims/jni.cpp, line 615]

Events (20 events):
Event: 8.360 loading class com/android/build/gradle/api/AnnotationProcessorOptions
Event: 8.360 loading class com/android/build/gradle/api/AnnotationProcessorOptions done
Event: 8.361 loading class com/android/build/api/dsl/AnnotationProcessorOptions
Event: 8.361 loading class com/android/build/api/dsl/AnnotationProcessorOptions done
Event: 8.361 loading class com/android/build/gradle/internal/dsl/AnnotationProcessorOptions
Event: 8.361 loading class com/android/build/gradle/internal/dsl/AnnotationProcessorOptions done
Event: 8.365 loading class org/gradle/process/CommandLineArgumentProvider
Event: 8.365 loading class org/gradle/process/CommandLineArgumentProvider done
Event: 8.365 loading class org/gradle/process/CommandLineArgumentProvider
Event: 8.365 loading class org/gradle/process/CommandLineArgumentProvider done
Event: 8.373 loading class com/android/resources/Density
Event: 8.373 loading class com/android/resources/Density done
Event: 8.374 loading class com/android/resources/ResourceEnum
Event: 8.374 loading class com/android/resources/ResourceEnum done
Event: 8.375 loading class com/android/resources/Density$1
Event: 8.375 loading class com/android/resources/Density$1 done
Event: 8.376 loading class com/android/build/gradle/internal/api/DefaultAndroidSourceSet
Event: 8.376 loading class com/android/build/gradle/internal/api/DefaultAndroidSourceSet done
Event: 8.377 loading class com/android/builder/model/SourceProvider
Event: 8.377 loading class com/android/builder/model/SourceProvider done


Dynamic libraries:
0x00007ff655dd0000 - 0x00007ff655dda000 	C:\Program Files\Android\Android Studio\jre\bin\java.exe
0x00007ffbafa60000 - 0x00007ffbafc69000 	C:\WINDOWS\SYSTEM32\ntdll.dll
0x00007ffbad9a0000 - 0x00007ffbada5d000 	C:\WINDOWS\System32\KERNEL32.DLL
0x00007ffbacf80000 - 0x00007ffbad2f9000 	C:\WINDOWS\System32\KERNELBASE.dll
0x00007ffbad4c0000 - 0x00007ffbad5d1000 	C:\WINDOWS\System32\ucrtbase.dll
0x00007ffb99140000 - 0x00007ffb99157000 	C:\Program Files\Android\Android Studio\jre\bin\VCRUNTIME140.dll
0x00007ffba3000000 - 0x00007ffba3019000 	C:\Program Files\Android\Android Studio\jre\bin\jli.dll
0x00007ffbae330000 - 0x00007ffbae4dc000 	C:\WINDOWS\System32\USER32.dll
0x00007ffbacf50000 - 0x00007ffbacf76000 	C:\WINDOWS\System32\win32u.dll
0x00007ffb97050000 - 0x00007ffb972f5000 	C:\WINDOWS\WinSxS\amd64_microsoft.windows.common-controls_6595b64144ccf1df_6.0.22000.120_none_9d947278b86cc467\COMCTL32.dll
0x00007ffbadd20000 - 0x00007ffbaddc3000 	C:\WINDOWS\System32\msvcrt.dll
0x00007ffbae4e0000 - 0x00007ffbae509000 	C:\WINDOWS\System32\GDI32.dll
0x00007ffbad300000 - 0x00007ffbad412000 	C:\WINDOWS\System32\gdi32full.dll
0x00007ffbad420000 - 0x00007ffbad4bd000 	C:\WINDOWS\System32\msvcp_win.dll
0x00007ffbad900000 - 0x00007ffbad931000 	C:\WINDOWS\System32\IMM32.DLL
0x00007ffb94670000 - 0x00007ffb9470d000 	C:\Program Files\Android\Android Studio\jre\bin\msvcp140.dll
0x00007ffb39a90000 - 0x00007ffb3a575000 	C:\Program Files\Android\Android Studio\jre\bin\server\jvm.dll
0x00007ffbadc70000 - 0x00007ffbadd1e000 	C:\WINDOWS\System32\ADVAPI32.dll
0x00007ffbaddd0000 - 0x00007ffbade6e000 	C:\WINDOWS\System32\sechost.dll
0x00007ffbaed40000 - 0x00007ffbaee60000 	C:\WINDOWS\System32\RPCRT4.dll
0x00007ffbaee60000 - 0x00007ffbaee68000 	C:\WINDOWS\System32\PSAPI.DLL
0x00007ffba1e30000 - 0x00007ffba1e39000 	C:\WINDOWS\SYSTEM32\WSOCK32.dll
0x00007ffba7a50000 - 0x00007ffba7a83000 	C:\WINDOWS\SYSTEM32\WINMM.dll
0x00007ffbadf50000 - 0x00007ffbadfbf000 	C:\WINDOWS\System32\WS2_32.dll
0x00007ffbaa380000 - 0x00007ffbaa38a000 	C:\WINDOWS\SYSTEM32\VERSION.dll
0x00007ffbac140000 - 0x00007ffbac158000 	C:\WINDOWS\SYSTEM32\kernel.appcore.dll
0x00007ffba2930000 - 0x00007ffba2941000 	C:\Program Files\Android\Android Studio\jre\bin\verify.dll
0x00007ffbaabc0000 - 0x00007ffbaade1000 	C:\WINDOWS\SYSTEM32\DBGHELP.DLL
0x00007ffba3180000 - 0x00007ffba31b1000 	C:\WINDOWS\SYSTEM32\dbgcore.DLL
0x00007ffbad750000 - 0x00007ffbad7cf000 	C:\WINDOWS\System32\bcryptPrimitives.dll
0x00007ffb94360000 - 0x00007ffb94389000 	C:\Program Files\Android\Android Studio\jre\bin\java.dll
0x00007ffba8a10000 - 0x00007ffba8a1b000 	C:\Program Files\Android\Android Studio\jre\bin\jimage.dll
0x00007ffb95c10000 - 0x00007ffb95c28000 	C:\Program Files\Android\Android Studio\jre\bin\zip.dll
0x00007ffbae510000 - 0x00007ffbaecbf000 	C:\WINDOWS\System32\SHELL32.dll
0x00007ffbab040000 - 0x00007ffbab8a8000 	C:\WINDOWS\SYSTEM32\windows.storage.dll
0x00007ffbaee90000 - 0x00007ffbaf208000 	C:\WINDOWS\System32\combase.dll
0x00007ffbaadf0000 - 0x00007ffbaaf56000 	C:\WINDOWS\SYSTEM32\wintypes.dll
0x00007ffbae180000 - 0x00007ffbae26a000 	C:\WINDOWS\System32\SHCORE.dll
0x00007ffbae120000 - 0x00007ffbae17d000 	C:\WINDOWS\System32\shlwapi.dll
0x00007ffbace80000 - 0x00007ffbacea1000 	C:\WINDOWS\SYSTEM32\profapi.dll
0x00007ffb94340000 - 0x00007ffb9435a000 	C:\Program Files\Android\Android Studio\jre\bin\net.dll
0x00007ffba6d60000 - 0x00007ffba6e6c000 	C:\WINDOWS\SYSTEM32\WINHTTP.dll
0x00007ffbac570000 - 0x00007ffbac5d7000 	C:\WINDOWS\system32\mswsock.dll
0x00007ffb93ae0000 - 0x00007ffb93af4000 	C:\Program Files\Android\Android Studio\jre\bin\nio.dll
0x00007ffb84be0000 - 0x00007ffb84c07000 	C:\Users\Saadia Jameel\.gradle\native\e1d6ef7f7dcc3fd88c89a11ec53ec762bb8ba0a96d01ffa2cd45eb1d1d8dd5c5\windows-amd64\native-platform.dll
0x00007ffb7f590000 - 0x00007ffb7f6d4000 	C:\Users\Saadia Jameel\.gradle\native\5664cfc778a61ccfe75a443a1ab52a65af34e5dc3c78e0209fed803814484fcb\windows-amd64\native-platform-file-events.dll
0x00007ffba3c10000 - 0x00007ffba3c1a000 	C:\Program Files\Android\Android Studio\jre\bin\management.dll
0x00007ffba2920000 - 0x00007ffba292d000 	C:\Program Files\Android\Android Studio\jre\bin\management_ext.dll
0x00007ffbac7c0000 - 0x00007ffbac7d8000 	C:\WINDOWS\SYSTEM32\CRYPTSP.dll
0x00007ffbac0a0000 - 0x00007ffbac0d5000 	C:\WINDOWS\system32\rsaenh.dll
0x00007ffbac660000 - 0x00007ffbac689000 	C:\WINDOWS\SYSTEM32\USERENV.dll
0x00007ffbac930000 - 0x00007ffbac957000 	C:\WINDOWS\SYSTEM32\bcrypt.dll
0x00007ffbac7b0000 - 0x00007ffbac7bc000 	C:\WINDOWS\SYSTEM32\CRYPTBASE.dll
0x00007ffbabc70000 - 0x00007ffbabc9d000 	C:\WINDOWS\SYSTEM32\IPHLPAPI.DLL
0x00007ffbae270000 - 0x00007ffbae279000 	C:\WINDOWS\System32\NSI.dll
0x00007ffba6d40000 - 0x00007ffba6d59000 	C:\WINDOWS\SYSTEM32\dhcpcsvc6.DLL
0x00007ffba7710000 - 0x00007ffba772e000 	C:\WINDOWS\SYSTEM32\dhcpcsvc.DLL
0x00007ffbabca0000 - 0x00007ffbabd88000 	C:\WINDOWS\SYSTEM32\DNSAPI.dll

dbghelp: loaded successfully - version: 4.0.5 - missing functions: none
symbol engine: initialized successfully - sym options: 0x614 - pdb path: .;C:\Program Files\Android\Android Studio\jre\bin;C:\WINDOWS\SYSTEM32;C:\WINDOWS\WinSxS\amd64_microsoft.windows.common-controls_6595b64144ccf1df_6.0.22000.120_none_9d947278b86cc467;C:\Program Files\Android\Android Studio\jre\bin\server;C:\Users\Saadia Jameel\.gradle\native\e1d6ef7f7dcc3fd88c89a11ec53ec762bb8ba0a96d01ffa2cd45eb1d1d8dd5c5\windows-amd64;C:\Users\Saadia Jameel\.gradle\native\5664cfc778a61ccfe75a443a1ab52a65af34e5dc3c78e0209fed803814484fcb\windows-amd64

VM Arguments:
jvm_args: --add-opens=java.base/java.util=ALL-UNNAMED --add-opens=java.base/java.lang=ALL-UNNAMED --add-opens=java.base/java.lang.invoke=ALL-UNNAMED --add-opens=java.base/java.util=ALL-UNNAMED --add-opens=java.prefs/java.util.prefs=ALL-UNNAMED --add-opens=java.prefs/java.util.prefs=ALL-UNNAMED --add-opens=java.base/java.nio.charset=ALL-UNNAMED --add-opens=java.base/java.net=ALL-UNNAMED --add-opens=java.base/java.util.concurrent.atomic=ALL-UNNAMED -Xmx2048m -Dfile.encoding=UTF-8 -Duser.country=US -Duser.language=en -Duser.variant 
java_command: org.gradle.launcher.daemon.bootstrap.GradleDaemon 7.3.3
java_class_path (initial): C:\Users\Saadia Jameel\.gradle\wrapper\dists\gradle-7.3.3-bin\6a41zxkdtcxs8rphpq6y0069z\gradle-7.3.3\lib\gradle-launcher-7.3.3.jar
Launcher Type: SUN_STANDARD

[Global flags]
     intx CICompilerCount                          = 4                                         {product} {ergonomic}
     uint ConcGCThreads                            = 2                                         {product} {ergonomic}
     uint G1ConcRefinementThreads                  = 8                                         {product} {ergonomic}
   size_t G1HeapRegionSize                         = 1048576                                   {product} {ergonomic}
    uintx GCDrainStackTargetSize                   = 64                                        {product} {ergonomic}
   size_t InitialHeapSize                          = 268435456                                 {product} {ergonomic}
   size_t MarkStackSize                            = 4194304                                   {product} {ergonomic}
   size_t MaxHeapSize                              = 2147483648                                {product} {command line}
   size_t MaxNewSize                               = 1287651328                                {product} {ergonomic}
   size_t MinHeapDeltaBytes                        = 1048576                                   {product} {ergonomic}
    uintx NonNMethodCodeHeapSize                   = 5836300                                {pd product} {ergonomic}
    uintx NonProfiledCodeHeapSize                  = 122910970                              {pd product} {ergonomic}
    uintx ProfiledCodeHeapSize                     = 122910970                              {pd product} {ergonomic}
    uintx ReservedCodeCacheSize                    = 251658240                              {pd product} {ergonomic}
     bool SegmentedCodeCache                       = true                                      {product} {ergonomic}
     bool UseCompressedClassPointers               = true                                 {lp64_product} {ergonomic}
     bool UseCompressedOops                        = true                                 {lp64_product} {ergonomic}
     bool UseG1GC                                  = true                                      {product} {ergonomic}
     bool UseLargePagesIndividualAllocation        = false                                  {pd product} {ergonomic}

Logging:
Log output configuration:
 #0: stdout all=warning uptime,level,tags
 #1: stderr all=off uptime,level,tags

Environment Variables:
JAVA_HOME=C:\Program Files\Java\jdk-17.0.1
PATH=C:\Program Files\Common Files\Oracle\Java\javapath;C:\WINDOWS\system32;C:\WINDOWS;C:\WINDOWS\System32\Wbem;C:\WINDOWS\System32\WindowsPowerShell\v1.0\;C:\WINDOWS\System32\OpenSSH\;C:\Program Files\Common Files\Autodesk Shared\;C:\Program Files\Git\cmd;C:\Program Files\dotnet\;C:\Program Files\Java\jdk-17.0.1\bin;C:\Program Files (x86)\Intel\Intel(R) Management Engine Components\DAL;C:\Program Files\Intel\Intel(R) Management Engine Components\DAL;C:\Program Files\php-8.1.0;C:\Program Files\MySQL\mysql-shell\bin;C:\Users\Saadia Jameel\Desktop\SEMESTER 4\CO224 COM ARCHITECTURE\iverilog\bin;C:\Users\Saadia Jameel\AppData\Local\Programs\Python\Python38\Scripts\;C:\Users\Saadia Jameel\AppData\Local\Programs\Python\Python38\;C:\Users\Saadia Jameel\AppData\Local\Programs\Python\Python38-32\Scripts\;C:\Users\Saadia Jameel\AppData\Local\Programs\Python\Python38-32\;C:\Users\Saadia Jameel\AppData\Local\Microsoft\WindowsApps;C:\msys64\usr\bin;C:\msys64\mingw64\bin;C:\Users\Saadia Jameel\AppData\Local\atom\bin;C:\Users\Saadia Jameel\.dotnet\tools;C:\Users\Saadia Jameel\AppData\Local\Microsoft\WindowsApps;;C:\Users\Saadia Jameel\AppData\Local\Programs\Microsoft VS Code\bin
USERNAME=Saadia Jameel
OS=Windows_NT
PROCESSOR_IDENTIFIER=Intel64 Family 6 Model 142 Stepping 10, GenuineIntel



---------------  S Y S T E M  ---------------

OS: Windows 10 , 64 bit Build 22000 (10.0.22000.675)
OS uptime: 6 days 17:18 hours

CPU:total 8 (initial active 8) (4 cores per cpu, 2 threads per core) family 6 model 142 stepping 10 microcode 0xea, cmov, cx8, fxsr, mmx, sse, sse2, sse3, ssse3, sse4.1, sse4.2, popcnt, avx, avx2, aes, clmul, erms, 3dnowpref, lzcnt, ht, tsc, tscinvbit, bmi1, bmi2, adx, fma

Memory: 4k page, system-wide physical 16281M (3918M free)
TotalPageFile size 45027M (AvailPageFile size 5M)
current process WorkingSet (physical memory assigned to process): 412M, peak: 412M
current process commit charge ("private bytes"): 510M, peak: 513M

vm_info: OpenJDK 64-Bit Server VM (11.0.12+7-b1504.28-7817840) for windows-amd64 JRE (11.0.12+7-b1504.28-7817840), built on Oct 13 2021 22:12:33 by "builder" with MS VC++ 14.0 (VS2015)

END.
